[2022-04-07 06:21:14] local.ERROR: Route [excel] not defined. {"view":{"view":"C:\\Users\\LakshitaSuthar\\Desktop\\upload-content\esources\\views\\welcome.blade.php","data":[]},"exception":"[object] (Spatie\\LaravelIgnition\\Exceptions\\ViewException(code: 0): Route [excel] not defined. at C:\\Users\\LakshitaSuthar\\Desktop\\upload-content\\vendor\\laravel\\framework\\src\\Illuminate\\Routing\\UrlGenerator.php:466)
[stacktrace]
#0 C:\\Users\\LakshitaSuthar\\Desktop\\upload-content\\vendor\\laravel\\framework\\src\\Illuminate\\Foundation\\helpers.php(739): Illuminate\\Routing\\UrlGenerator->route()
#1 C:\\Users\\LakshitaSuthar\\Desktop\\upload-content\\storage\\framework\\views\\35fecafe22924b381822194eadf65403534cce82.php(7): route()
#2 C:\\Users\\LakshitaSuthar\\Desktop\\upload-content\\vendor\\laravel\\framework\\src\\Illuminate\\Filesystem\\Filesystem.php(107): require('...')
#3 C:\\Users\\LakshitaSuthar\\Desktop\\upload-content\\vendor\\laravel\\framework\\src\\Illuminate\\Filesystem\\Filesystem.php(108): Illuminate\\Filesystem\\Filesystem::Illuminate\\Filesystem\\{closure}()
#4 C:\\Users\\LakshitaSuthar\\Desktop\\upload-content\\vendor\\laravel\\framework\\src\\Illuminate\\View\\Engines\\PhpEngine.php(58): Illuminate\\Filesystem\\Filesystem->getRequire()
#5 C:\\Users\\LakshitaSuthar\\Desktop\\upload-content\\vendor\\laravel\\framework\\src\\Illuminate\\View\\Engines\\CompilerEngine.php(61): Illuminate\\View\\Engines\\PhpEngine->evaluatePath()
#6 C:\\Users\\LakshitaSuthar\\Desktop\\upload-content\\vendor\\laravel\\framework\\src\\Illuminate\\View\\View.php(139): Illuminate\\View\\Engines\\CompilerEngine->get()
#7 C:\\Users\\LakshitaSuthar\\Desktop\\upload-content\\vendor\\laravel\\framework\\src\\Illuminate\\View\\View.php(122): Illuminate\\View\\View->getContents()
#8 C:\\Users\\LakshitaSuthar\\Desktop\\upload-content\\vendor\\laravel\\framework\\src\\Illuminate\\View\\View.php(91): Illuminate\\View\\View->renderContents()
#9 C:\\Users\\LakshitaSuthar\\Desktop\\upload-content\\vendor\\laravel\\framework\\src\\Illuminate\\Http\\Response.php(69): Illuminate\\View\\View->render()
#10 C:\\Users\\LakshitaSuthar\\Desktop\\upload-content\\vendor\\laravel\\framework\\src\\Illuminate\\Http\\Response.php(35): Illuminate\\Http\\Response->setContent()
#11 C:\\Users\\LakshitaSuthar\\Desktop\\upload-content\\vendor\\laravel\\framework\\src\\Illuminate\\Routing\\Router.php(837): Illuminate\\Http\\Response->__construct()
#12 C:\\Users\\LakshitaSuthar\\Desktop\\upload-content\\vendor\\laravel\\framework\\src\\Illuminate\\Routing\\Router.php(806): Illuminate\\Routing\\Router::toResponse()
#13 C:\\Users\\LakshitaSuthar\\Desktop\\upload-content\\vendor\\laravel\\framework\\src\\Illuminate\\Routing\\Router.php(728): Illuminate\\Routing\\Router->prepareResponse()
#14 C:\\Users\\LakshitaSuthar\\Desktop\\upload-content\\vendor\\laravel\\framework\\src\\Illuminate\\Pipeline\\Pipeline.php(141): Illuminate\\Routing\\Router->Illuminate\\Routing\\{closure}()
#15 C:\\Users\\LakshitaSuthar\\Desktop\\upload-content\\vendor\\laravel\\framework\\src\\Illuminate\\Routing\\Middleware\\SubstituteBindings.php(50): Illuminate\\Pipeline\\Pipeline->Illuminate\\Pipeline\\{closure}()
#16 C:\\Users\\LakshitaSuthar\\Desktop\\upload-content\\vendor\\laravel\\framework\\src\\Illuminate\\Pipeline\\Pipeline.php(180): Illuminate\\Routing\\Middleware\\SubstituteBindings->handle()
#17 C:\\Users\\LakshitaSuthar\\Desktop\\upload-content\\vendor\\laravel\\framework\\src\\Illuminate\\Foundation\\Http\\Middleware\\VerifyCsrfToken.php(78): Illuminate\\Pipeline\\Pipeline->Illuminate\\Pipeline\\{closure}()
#18 C:\\Users\\LakshitaSuthar\\Desktop\\upload-content\\vendor\\laravel\\framework\\src\\Illuminate\\Pipeline\\Pipeline.php(180): Illuminate\\Foundation\\Http\\Middleware\\VerifyCsrfToken->handle()
#19 C:\\Users\\LakshitaSuthar\\Desktop\\upload-content\\vendor\\laravel\\framework\\src\\Illuminate\\View\\Middleware\\ShareErrorsFromSession.php(49): Illuminate\\Pipeline\\Pipeline->Illuminate\\Pipeline\\{closure}()
#20 C:\\Users\\LakshitaSuthar\\Desktop\\upload-content\\vendor\\laravel\\framework\\src\\Illuminate\\Pipeline\\Pipeline.php(180): Illuminate\\View\\Middleware\\ShareErrorsFromSession->handle()
#21 C:\\Users\\LakshitaSuthar\\Desktop\\upload-content\\vendor\\laravel\\framework\\src\\Illuminate\\Session\\Middleware\\StartSession.php(121): Illuminate\\Pipeline\\Pipeline->Illuminate\\Pipeline\\{closure}()
#22 C:\\Users\\LakshitaSuthar\\Desktop\\upload-content\\vendor\\laravel\\framework\\src\\Illuminate\\Session\\Middleware\\StartSession.php(64): Illuminate\\Session\\Middleware\\StartSession->handleStatefulRequest()
#23 C:\\Users\\LakshitaSuthar\\Desktop\\upload-content\\vendor\\laravel\\framework\\src\\Illuminate\\Pipeline\\Pipeline.php(180): Illuminate\\Session\\Middleware\\StartSession->handle()
#24 C:\\Users\\LakshitaSuthar\\Desktop\\upload-content\\vendor\\laravel\\framework\\src\\Illuminate\\Cookie\\Middleware\\AddQueuedCookiesToResponse.php(37): Illuminate\\Pipeline\\Pipeline->Illuminate\\Pipeline\\{closure}()
#25 C:\\Users\\LakshitaSuthar\\Desktop\\upload-content\\vendor\\laravel\\framework\\src\\Illuminate\\Pipeline\\Pipeline.php(180): Illuminate\\Cookie\\Middleware\\AddQueuedCookiesToResponse->handle()
#26 C:\\Users\\LakshitaSuthar\\Desktop\\upload-content\\vendor\\laravel\\framework\\src\\Illuminate\\Cookie\\Middleware\\EncryptCookies.php(67): Illuminate\\Pipeline\\Pipeline->Illuminate\\Pipeline\\{closure}()
#27 C:\\Users\\LakshitaSuthar\\Desktop\\upload-content\\vendor\\laravel\\framework\\src\\Illuminate\\Pipeline\\Pipeline.php(180): Illuminate\\Cookie\\Middleware\\EncryptCookies->handle()
#28 C:\\Users\\LakshitaSuthar\\Desktop\\upload-content\\vendor\\laravel\\framework\\src\\Illuminate\\Pipeline\\Pipeline.php(116): Illuminate\\Pipeline\\Pipeline->Illuminate\\Pipeline\\{closure}()
#29 C:\\Users\\LakshitaSuthar\\Desktop\\upload-content\\vendor\\laravel\\framework\\src\\Illuminate\\Routing\\Router.php(730): Illuminate\\Pipeline\\Pipeline->then()
#30 C:\\Users\\LakshitaSuthar\\Desktop\\upload-content\\vendor\\laravel\\framework\\src\\Illuminate\\Routing\\Router.php(705): Illuminate\\Routing\\Router->runRouteWithinStack()
#31 C:\\Users\\LakshitaSuthar\\Desktop\\upload-content\\vendor\\laravel\\framework\\src\\Illuminate\\Routing\\Router.php(667): Illuminate\\Routing\\Router->runRoute()
#32 C:\\Users\\LakshitaSuthar\\Desktop\\upload-content\\vendor\\laravel\\framework\\src\\Illuminate\\Routing\\Router.php(656): Illuminate\\Routing\\Router->dispatchToRoute()
#33 C:\\Users\\LakshitaSuthar\\Desktop\\upload-content\\vendor\\laravel\\framework\\src\\Illuminate\\Foundation\\Http\\Kernel.php(167): Illuminate\\Routing\\Router->dispatch()
#34 C:\\Users\\LakshitaSuthar\\Desktop\\upload-content\\vendor\\laravel\\framework\\src\\Illuminate\\Pipeline\\Pipeline.php(141): Illuminate\\Foundation\\Http\\Kernel->Illuminate\\Foundation\\Http\\{closure}()
#35 C:\\Users\\LakshitaSuthar\\Desktop\\upload-content\\vendor\\laravel\\framework\\src\\Illuminate\\Foundation\\Http\\Middleware\\TransformsRequest.php(21): Illuminate\\Pipeline\\Pipeline->Illuminate\\Pipeline\\{closure}()
#36 C:\\Users\\LakshitaSuthar\\Desktop\\upload-content\\vendor\\laravel\\framework\\src\\Illuminate\\Foundation\\Http\\Middleware\\ConvertEmptyStringsToNull.php(31): Illuminate\\Foundation\\Http\\Middleware\\TransformsRequest->handle()
#37 C:\\Users\\LakshitaSuthar\\Desktop\\upload-content\\vendor\\laravel\\framework\\src\\Illuminate\\Pipeline\\Pipeline.php(180): Illuminate\\Foundation\\Http\\Middleware\\ConvertEmptyStringsToNull->handle()
#38 C:\\Users\\LakshitaSuthar\\Desktop\\upload-content\\vendor\\laravel\\framework\\src\\Illuminate\\Foundation\\Http\\Middleware\\TransformsRequest.php(21): Illuminate\\Pipeline\\Pipeline->Illuminate\\Pipeline\\{closure}()
#39 C:\\Users\\LakshitaSuthar\\Desktop\\upload-content\\vendor\\laravel\\framework\\src\\Illuminate\\Foundation\\Http\\Middleware\\TrimStrings.php(40): Illuminate\\Foundation\\Http\\Middleware\\TransformsRequest->handle()
#40 C:\\Users\\LakshitaSuthar\\Desktop\\upload-content\\vendor\\laravel\\framework\\src\\Illuminate\\Pipeline\\Pipeline.php(180): Illuminate\\Foundation\\Http\\Middleware\\TrimStrings->handle()
#41 C:\\Users\\LakshitaSuthar\\Desktop\\upload-content\\vendor\\laravel\\framework\\src\\Illuminate\\Foundation\\Http\\Middleware\\ValidatePostSize.php(27): Illuminate\\Pipeline\\Pipeline->Illuminate\\Pipeline\\{closure}()
#42 C:\\Users\\LakshitaSuthar\\Desktop\\upload-content\\vendor\\laravel\\framework\\src\\Illuminate\\Pipeline\\Pipeline.php(180): Illuminate\\Foundation\\Http\\Middleware\\ValidatePostSize->handle()
#43 C:\\Users\\LakshitaSuthar\\Desktop\\upload-content\\vendor\\laravel\\framework\\src\\Illuminate\\Foundation\\Http\\Middleware\\PreventRequestsDuringMaintenance.php(86): Illuminate\\Pipeline\\Pipeline->Illuminate\\Pipeline\\{closure}()
#44 C:\\Users\\LakshitaSuthar\\Desktop\\upload-content\\vendor\\laravel\\framework\\src\\Illuminate\\Pipeline\\Pipeline.php(180): Illuminate\\Foundation\\Http\\Middleware\\PreventRequestsDuringMaintenance->handle()
#45 C:\\Users\\LakshitaSuthar\\Desktop\\upload-content\\vendor\\laravel\\framework\\src\\Illuminate\\Http\\Middleware\\HandleCors.php(49): Illuminate\\Pipeline\\Pipeline->Illuminate\\Pipeline\\{closure}()
#46 C:\\Users\\LakshitaSuthar\\Desktop\\upload-content\\vendor\\laravel\\framework\\src\\Illuminate\\Pipeline\\Pipeline.php(180): Illuminate\\Http\\Middleware\\HandleCors->handle()
#47 C:\\Users\\LakshitaSuthar\\Desktop\\upload-content\\vendor\\laravel\\framework\\src\\Illuminate\\Http\\Middleware\\TrustProxies.php(39): Illuminate\\Pipeline\\Pipeline->Illuminate\\Pipeline\\{closure}()
#48 C:\\Users\\LakshitaSuthar\\Desktop\\upload-content\\vendor\\laravel\\framework\\src\\Illuminate\\Pipeline\\Pipeline.php(180): Illuminate\\Http\\Middleware\\TrustProxies->handle()
#49 C:\\Users\\LakshitaSuthar\\Desktop\\upload-content\\vendor\\laravel\\framework\\src\\Illuminate\\Pipeline\\Pipeline.php(116): Illuminate\\Pipeline\\Pipeline->Illuminate\\Pipeline\\{closure}()
#50 C:\\Users\\LakshitaSuthar\\Desktop\\upload-content\\vendor\\laravel\\framework\\src\\Illuminate\\Foundation\\Http\\Kernel.php(142): Illuminate\\Pipeline\\Pipeline->then()
#51 C:\\Users\\LakshitaSuthar\\Desktop\\upload-content\\vendor\\laravel\\framework\\src\\Illuminate\\Foundation\\Http\\Kernel.php(111): Illuminate\\Foundation\\Http\\Kernel->sendRequestThroughRouter()
#52 C:\\Users\\LakshitaSuthar\\Desktop\\upload-content\\public\\index.php(52): Illuminate\\Foundation\\Http\\Kernel->handle()
#53 C:\\Users\\LakshitaSuthar\\Desktop\\upload-content\\vendor\\laravel\\framework\\src\\Illuminate\\Foundation\esources\\server.php(16): require_once('...')
#54 {main}

[previous exception] [object] (Symfony\\Component\\Routing\\Exception\\RouteNotFoundException(code: 0): Route [excel] not defined. at C:\\Users\\LakshitaSuthar\\Desktop\\upload-content\\vendor\\laravel\\framework\\src\\Illuminate\\Routing\\UrlGenerator.php:466)
[stacktrace]
#0 C:\\Users\\LakshitaSuthar\\Desktop\\upload-content\\vendor\\laravel\\framework\\src\\Illuminate\\Foundation\\helpers.php(739): Illuminate\\Routing\\UrlGenerator->route()
#1 C:\\Users\\LakshitaSuthar\\Desktop\\upload-content\\storage\\framework\\views\\35fecafe22924b381822194eadf65403534cce82.php(7): route()
#2 C:\\Users\\LakshitaSuthar\\Desktop\\upload-content\\vendor\\laravel\\framework\\src\\Illuminate\\Filesystem\\Filesystem.php(107): require('...')
#3 C:\\Users\\LakshitaSuthar\\Desktop\\upload-content\\vendor\\laravel\\framework\\src\\Illuminate\\Filesystem\\Filesystem.php(108): Illuminate\\Filesystem\\Filesystem::Illuminate\\Filesystem\\{closure}()
#4 C:\\Users\\LakshitaSuthar\\Desktop\\upload-content\\vendor\\laravel\\framework\\src\\Illuminate\\View\\Engines\\PhpEngine.php(58): Illuminate\\Filesystem\\Filesystem->getRequire()
#5 C:\\Users\\LakshitaSuthar\\Desktop\\upload-content\\vendor\\laravel\\framework\\src\\Illuminate\\View\\Engines\\CompilerEngine.php(61): Illuminate\\View\\Engines\\PhpEngine->evaluatePath()
#6 C:\\Users\\LakshitaSuthar\\Desktop\\upload-content\\vendor\\laravel\\framework\\src\\Illuminate\\View\\View.php(139): Illuminate\\View\\Engines\\CompilerEngine->get()
#7 C:\\Users\\LakshitaSuthar\\Desktop\\upload-content\\vendor\\laravel\\framework\\src\\Illuminate\\View\\View.php(122): Illuminate\\View\\View->getContents()
#8 C:\\Users\\LakshitaSuthar\\Desktop\\upload-content\\vendor\\laravel\\framework\\src\\Illuminate\\View\\View.php(91): Illuminate\\View\\View->renderContents()
#9 C:\\Users\\LakshitaSuthar\\Desktop\\upload-content\\vendor\\laravel\\framework\\src\\Illuminate\\Http\\Response.php(69): Illuminate\\View\\View->render()
#10 C:\\Users\\LakshitaSuthar\\Desktop\\upload-content\\vendor\\laravel\\framework\\src\\Illuminate\\Http\\Response.php(35): Illuminate\\Http\\Response->setContent()
#11 C:\\Users\\LakshitaSuthar\\Desktop\\upload-content\\vendor\\laravel\\framework\\src\\Illuminate\\Routing\\Router.php(837): Illuminate\\Http\\Response->__construct()
#12 C:\\Users\\LakshitaSuthar\\Desktop\\upload-content\\vendor\\laravel\\framework\\src\\Illuminate\\Routing\\Router.php(806): Illuminate\\Routing\\Router::toResponse()
#13 C:\\Users\\LakshitaSuthar\\Desktop\\upload-content\\vendor\\laravel\\framework\\src\\Illuminate\\Routing\\Router.php(728): Illuminate\\Routing\\Router->prepareResponse()
#14 C:\\Users\\LakshitaSuthar\\Desktop\\upload-content\\vendor\\laravel\\framework\\src\\Illuminate\\Pipeline\\Pipeline.php(141): Illuminate\\Routing\\Router->Illuminate\\Routing\\{closure}()
#15 C:\\Users\\LakshitaSuthar\\Desktop\\upload-content\\vendor\\laravel\\framework\\src\\Illuminate\\Routing\\Middleware\\SubstituteBindings.php(50): Illuminate\\Pipeline\\Pipeline->Illuminate\\Pipeline\\{closure}()
#16 C:\\Users\\LakshitaSuthar\\Desktop\\upload-content\\vendor\\laravel\\framework\\src\\Illuminate\\Pipeline\\Pipeline.php(180): Illuminate\\Routing\\Middleware\\SubstituteBindings->handle()
#17 C:\\Users\\LakshitaSuthar\\Desktop\\upload-content\\vendor\\laravel\\framework\\src\\Illuminate\\Foundation\\Http\\Middleware\\VerifyCsrfToken.php(78): Illuminate\\Pipeline\\Pipeline->Illuminate\\Pipeline\\{closure}()
#18 C:\\Users\\LakshitaSuthar\\Desktop\\upload-content\\vendor\\laravel\\framework\\src\\Illuminate\\Pipeline\\Pipeline.php(180): Illuminate\\Foundation\\Http\\Middleware\\VerifyCsrfToken->handle()
#19 C:\\Users\\LakshitaSuthar\\Desktop\\upload-content\\vendor\\laravel\\framework\\src\\Illuminate\\View\\Middleware\\ShareErrorsFromSession.php(49): Illuminate\\Pipeline\\Pipeline->Illuminate\\Pipeline\\{closure}()
#20 C:\\Users\\LakshitaSuthar\\Desktop\\upload-content\\vendor\\laravel\\framework\\src\\Illuminate\\Pipeline\\Pipeline.php(180): Illuminate\\View\\Middleware\\ShareErrorsFromSession->handle()
#21 C:\\Users\\LakshitaSuthar\\Desktop\\upload-content\\vendor\\laravel\\framework\\src\\Illuminate\\Session\\Middleware\\StartSession.php(121): Illuminate\\Pipeline\\Pipeline->Illuminate\\Pipeline\\{closure}()
#22 C:\\Users\\LakshitaSuthar\\Desktop\\upload-content\\vendor\\laravel\\framework\\src\\Illuminate\\Session\\Middleware\\StartSession.php(64): Illuminate\\Session\\Middleware\\StartSession->handleStatefulRequest()
#23 C:\\Users\\LakshitaSuthar\\Desktop\\upload-content\\vendor\\laravel\\framework\\src\\Illuminate\\Pipeline\\Pipeline.php(180): Illuminate\\Session\\Middleware\\StartSession->handle()
#24 C:\\Users\\LakshitaSuthar\\Desktop\\upload-content\\vendor\\laravel\\framework\\src\\Illuminate\\Cookie\\Middleware\\AddQueuedCookiesToResponse.php(37): Illuminate\\Pipeline\\Pipeline->Illuminate\\Pipeline\\{closure}()
#25 C:\\Users\\LakshitaSuthar\\Desktop\\upload-content\\vendor\\laravel\\framework\\src\\Illuminate\\Pipeline\\Pipeline.php(180): Illuminate\\Cookie\\Middleware\\AddQueuedCookiesToResponse->handle()
#26 C:\\Users\\LakshitaSuthar\\Desktop\\upload-content\\vendor\\laravel\\framework\\src\\Illuminate\\Cookie\\Middleware\\EncryptCookies.php(67): Illuminate\\Pipeline\\Pipeline->Illuminate\\Pipeline\\{closure}()
#27 C:\\Users\\LakshitaSuthar\\Desktop\\upload-content\\vendor\\laravel\\framework\\src\\Illuminate\\Pipeline\\Pipeline.php(180): Illuminate\\Cookie\\Middleware\\EncryptCookies->handle()
#28 C:\\Users\\LakshitaSuthar\\Desktop\\upload-content\\vendor\\laravel\\framework\\src\\Illuminate\\Pipeline\\Pipeline.php(116): Illuminate\\Pipeline\\Pipeline->Illuminate\\Pipeline\\{closure}()
#29 C:\\Users\\LakshitaSuthar\\Desktop\\upload-content\\vendor\\laravel\\framework\\src\\Illuminate\\Routing\\Router.php(730): Illuminate\\Pipeline\\Pipeline->then()
#30 C:\\Users\\LakshitaSuthar\\Desktop\\upload-content\\vendor\\laravel\\framework\\src\\Illuminate\\Routing\\Router.php(705): Illuminate\\Routing\\Router->runRouteWithinStack()
#31 C:\\Users\\LakshitaSuthar\\Desktop\\upload-content\\vendor\\laravel\\framework\\src\\Illuminate\\Routing\\Router.php(667): Illuminate\\Routing\\Router->runRoute()
#32 C:\\Users\\LakshitaSuthar\\Desktop\\upload-content\\vendor\\laravel\\framework\\src\\Illuminate\\Routing\\Router.php(656): Illuminate\\Routing\\Router->dispatchToRoute()
#33 C:\\Users\\LakshitaSuthar\\Desktop\\upload-content\\vendor\\laravel\\framework\\src\\Illuminate\\Foundation\\Http\\Kernel.php(167): Illuminate\\Routing\\Router->dispatch()
#34 C:\\Users\\LakshitaSuthar\\Desktop\\upload-content\\vendor\\laravel\\framework\\src\\Illuminate\\Pipeline\\Pipeline.php(141): Illuminate\\Foundation\\Http\\Kernel->Illuminate\\Foundation\\Http\\{closure}()
#35 C:\\Users\\LakshitaSuthar\\Desktop\\upload-content\\vendor\\laravel\\framework\\src\\Illuminate\\Foundation\\Http\\Middleware\\TransformsRequest.php(21): Illuminate\\Pipeline\\Pipeline->Illuminate\\Pipeline\\{closure}()
#36 C:\\Users\\LakshitaSuthar\\Desktop\\upload-content\\vendor\\laravel\\framework\\src\\Illuminate\\Foundation\\Http\\Middleware\\ConvertEmptyStringsToNull.php(31): Illuminate\\Foundation\\Http\\Middleware\\TransformsRequest->handle()
#37 C:\\Users\\LakshitaSuthar\\Desktop\\upload-content\\vendor\\laravel\\framework\\src\\Illuminate\\Pipeline\\Pipeline.php(180): Illuminate\\Foundation\\Http\\Middleware\\ConvertEmptyStringsToNull->handle()
#38 C:\\Users\\LakshitaSuthar\\Desktop\\upload-content\\vendor\\laravel\\framework\\src\\Illuminate\\Foundation\\Http\\Middleware\\TransformsRequest.php(21): Illuminate\\Pipeline\\Pipeline->Illuminate\\Pipeline\\{closure}()
#39 C:\\Users\\LakshitaSuthar\\Desktop\\upload-content\\vendor\\laravel\\framework\\src\\Illuminate\\Foundation\\Http\\Middleware\\TrimStrings.php(40): Illuminate\\Foundation\\Http\\Middleware\\TransformsRequest->handle()
#40 C:\\Users\\LakshitaSuthar\\Desktop\\upload-content\\vendor\\laravel\\framework\\src\\Illuminate\\Pipeline\\Pipeline.php(180): Illuminate\\Foundation\\Http\\Middleware\\TrimStrings->handle()
#41 C:\\Users\\LakshitaSuthar\\Desktop\\upload-content\\vendor\\laravel\\framework\\src\\Illuminate\\Foundation\\Http\\Middleware\\ValidatePostSize.php(27): Illuminate\\Pipeline\\Pipeline->Illuminate\\Pipeline\\{closure}()
#42 C:\\Users\\LakshitaSuthar\\Desktop\\upload-content\\vendor\\laravel\\framework\\src\\Illuminate\\Pipeline\\Pipeline.php(180): Illuminate\\Foundation\\Http\\Middleware\\ValidatePostSize->handle()
#43 C:\\Users\\LakshitaSuthar\\Desktop\\upload-content\\vendor\\laravel\\framework\\src\\Illuminate\\Foundation\\Http\\Middleware\\PreventRequestsDuringMaintenance.php(86): Illuminate\\Pipeline\\Pipeline->Illuminate\\Pipeline\\{closure}()
#44 C:\\Users\\LakshitaSuthar\\Desktop\\upload-content\\vendor\\laravel\\framework\\src\\Illuminate\\Pipeline\\Pipeline.php(180): Illuminate\\Foundation\\Http\\Middleware\\PreventRequestsDuringMaintenance->handle()
#45 C:\\Users\\LakshitaSuthar\\Desktop\\upload-content\\vendor\\laravel\\framework\\src\\Illuminate\\Http\\Middleware\\HandleCors.php(49): Illuminate\\Pipeline\\Pipeline->Illuminate\\Pipeline\\{closure}()
#46 C:\\Users\\LakshitaSuthar\\Desktop\\upload-content\\vendor\\laravel\\framework\\src\\Illuminate\\Pipeline\\Pipeline.php(180): Illuminate\\Http\\Middleware\\HandleCors->handle()
#47 C:\\Users\\LakshitaSuthar\\Desktop\\upload-content\\vendor\\laravel\\framework\\src\\Illuminate\\Http\\Middleware\\TrustProxies.php(39): Illuminate\\Pipeline\\Pipeline->Illuminate\\Pipeline\\{closure}()
#48 C:\\Users\\LakshitaSuthar\\Desktop\\upload-content\\vendor\\laravel\\framework\\src\\Illuminate\\Pipeline\\Pipeline.php(180): Illuminate\\Http\\Middleware\\TrustProxies->handle()
#49 C:\\Users\\LakshitaSuthar\\Desktop\\upload-content\\vendor\\laravel\\framework\\src\\Illuminate\\Pipeline\\Pipeline.php(116): Illuminate\\Pipeline\\Pipeline->Illuminate\\Pipeline\\{closure}()
#50 C:\\Users\\LakshitaSuthar\\Desktop\\upload-content\\vendor\\laravel\\framework\\src\\Illuminate\\Foundation\\Http\\Kernel.php(142): Illuminate\\Pipeline\\Pipeline->then()
#51 C:\\Users\\LakshitaSuthar\\Desktop\\upload-content\\vendor\\laravel\\framework\\src\\Illuminate\\Foundation\\Http\\Kernel.php(111): Illuminate\\Foundation\\Http\\Kernel->sendRequestThroughRouter()
#52 C:\\Users\\LakshitaSuthar\\Desktop\\upload-content\\public\\index.php(52): Illuminate\\Foundation\\Http\\Kernel->handle()
#53 C:\\Users\\LakshitaSuthar\\Desktop\\upload-content\\vendor\\laravel\\framework\\src\\Illuminate\\Foundation\esources\\server.php(16): require_once('...')
#54 {main}
"} 
[2022-04-07 06:38:38] local.ERROR: Model name contains invalid characters. {"exception":"[object] (InvalidArgumentException(code: 0): Model name contains invalid characters. at C:\\Users\\LakshitaSuthar\\Desktop\\upload-content\\vendor\\maatwebsite\\excel\\src\\Console\\WithModelStub.php:35)
[stacktrace]
#0 C:\\Users\\LakshitaSuthar\\Desktop\\upload-content\\vendor\\maatwebsite\\excel\\src\\Console\\WithModelStub.php(18): Maatwebsite\\Excel\\Console\\ImportMakeCommand->parseModel()
#1 C:\\Users\\LakshitaSuthar\\Desktop\\upload-content\\vendor\\maatwebsite\\excel\\src\\Console\\ImportMakeCommand.php(67): Maatwebsite\\Excel\\Console\\ImportMakeCommand->buildModelReplacements()
#2 C:\\Users\\LakshitaSuthar\\Desktop\\upload-content\\vendor\\laravel\\framework\\src\\Illuminate\\Console\\GeneratorCommand.php(167): Maatwebsite\\Excel\\Console\\ImportMakeCommand->buildClass()
#3 C:\\Users\\LakshitaSuthar\\Desktop\\upload-content\\vendor\\laravel\\framework\\src\\Illuminate\\Container\\BoundMethod.php(36): Illuminate\\Console\\GeneratorCommand->handle()
#4 C:\\Users\\LakshitaSuthar\\Desktop\\upload-content\\vendor\\laravel\\framework\\src\\Illuminate\\Container\\Util.php(41): Illuminate\\Container\\BoundMethod::Illuminate\\Container\\{closure}()
#5 C:\\Users\\LakshitaSuthar\\Desktop\\upload-content\\vendor\\laravel\\framework\\src\\Illuminate\\Container\\BoundMethod.php(93): Illuminate\\Container\\Util::unwrapIfClosure()
#6 C:\\Users\\LakshitaSuthar\\Desktop\\upload-content\\vendor\\laravel\\framework\\src\\Illuminate\\Container\\BoundMethod.php(37): Illuminate\\Container\\BoundMethod::callBoundMethod()
#7 C:\\Users\\LakshitaSuthar\\Desktop\\upload-content\\vendor\\laravel\\framework\\src\\Illuminate\\Container\\Container.php(653): Illuminate\\Container\\BoundMethod::call()
#8 C:\\Users\\LakshitaSuthar\\Desktop\\upload-content\\vendor\\laravel\\framework\\src\\Illuminate\\Console\\Command.php(171): Illuminate\\Container\\Container->call()
#9 C:\\Users\\LakshitaSuthar\\Desktop\\upload-content\\vendor\\symfony\\console\\Command\\Command.php(291): Illuminate\\Console\\Command->execute()
#10 C:\\Users\\LakshitaSuthar\\Desktop\\upload-content\\vendor\\laravel\\framework\\src\\Illuminate\\Console\\Command.php(156): Symfony\\Component\\Console\\Command\\Command->run()
#11 C:\\Users\\LakshitaSuthar\\Desktop\\upload-content\\vendor\\symfony\\console\\Application.php(989): Illuminate\\Console\\Command->run()
#12 C:\\Users\\LakshitaSuthar\\Desktop\\upload-content\\vendor\\symfony\\console\\Application.php(299): Symfony\\Component\\Console\\Application->doRunCommand()
#13 C:\\Users\\LakshitaSuthar\\Desktop\\upload-content\\vendor\\symfony\\console\\Application.php(171): Symfony\\Component\\Console\\Application->doRun()
#14 C:\\Users\\LakshitaSuthar\\Desktop\\upload-content\\vendor\\laravel\\framework\\src\\Illuminate\\Console\\Application.php(102): Symfony\\Component\\Console\\Application->run()
#15 C:\\Users\\LakshitaSuthar\\Desktop\\upload-content\\vendor\\laravel\\framework\\src\\Illuminate\\Foundation\\Console\\Kernel.php(129): Illuminate\\Console\\Application->run()
#16 C:\\Users\\LakshitaSuthar\\Desktop\\upload-content\\artisan(37): Illuminate\\Foundation\\Console\\Kernel->handle()
#17 {main}
"} 
[2022-04-07 06:51:01] local.ERROR: SQLSTATE[HY000] [1049] Unknown database 'upload_content' {"exception":"[object] (PDOException(code: 1049): SQLSTATE[HY000] [1049] Unknown database 'upload_content' at C:\\Users\\LakshitaSuthar\\Desktop\\upload-content\\vendor\\laravel\\framework\\src\\Illuminate\\Database\\Connectors\\Connector.php:70)
[stacktrace]
#0 C:\\Users\\LakshitaSuthar\\Desktop\\upload-content\\vendor\\laravel\\framework\\src\\Illuminate\\Database\\Connectors\\Connector.php(70): PDO->__construct()
#1 C:\\Users\\LakshitaSuthar\\Desktop\\upload-content\\vendor\\laravel\\framework\\src\\Illuminate\\Database\\Connectors\\Connector.php(46): Illuminate\\Database\\Connectors\\Connector->createPdoConnection()
#2 C:\\Users\\LakshitaSuthar\\Desktop\\upload-content\\vendor\\laravel\\framework\\src\\Illuminate\\Database\\Connectors\\MySqlConnector.php(24): Illuminate\\Database\\Connectors\\Connector->createConnection()
#3 C:\\Users\\LakshitaSuthar\\Desktop\\upload-content\\vendor\\laravel\\framework\\src\\Illuminate\\Database\\Connectors\\ConnectionFactory.php(184): Illuminate\\Database\\Connectors\\MySqlConnector->connect()
#4 [internal function]: Illuminate\\Database\\Connectors\\ConnectionFactory->Illuminate\\Database\\Connectors\\{closure}()
#5 C:\\Users\\LakshitaSuthar\\Desktop\\upload-content\\vendor\\laravel\\framework\\src\\Illuminate\\Database\\Connection.php(1058): call_user_func()
#6 C:\\Users\\LakshitaSuthar\\Desktop\\upload-content\\vendor\\laravel\\framework\\src\\Illuminate\\Database\\Concerns\\ManagesTransactions.php(139): Illuminate\\Database\\Connection->getPdo()
#7 C:\\Users\\LakshitaSuthar\\Desktop\\upload-content\\vendor\\laravel\\framework\\src\\Illuminate\\Database\\Concerns\\ManagesTransactions.php(115): Illuminate\\Database\\Connection->createTransaction()
#8 C:\\Users\\LakshitaSuthar\\Desktop\\upload-content\\vendor\\laravel\\framework\\src\\Illuminate\\Database\\Concerns\\ManagesTransactions.php(23): Illuminate\\Database\\Connection->beginTransaction()
#9 C:\\Users\\LakshitaSuthar\\Desktop\\upload-content\\vendor\\maatwebsite\\excel\\src\\Transactions\\DbTransactionHandler.php(30): Illuminate\\Database\\Connection->transaction()
#10 C:\\Users\\LakshitaSuthar\\Desktop\\upload-content\\vendor\\maatwebsite\\excel\\src\\Reader.php(130): Maatwebsite\\Excel\\Transactions\\DbTransactionHandler->__invoke()
#11 C:\\Users\\LakshitaSuthar\\Desktop\\upload-content\\vendor\\maatwebsite\\excel\\src\\Excel.php(146): Maatwebsite\\Excel\\Reader->read()
#12 C:\\Users\\LakshitaSuthar\\Desktop\\upload-content\\vendor\\laravel\\framework\\src\\Illuminate\\Support\\Facades\\Facade.php(337): Maatwebsite\\Excel\\Excel->import()
#13 C:\\Users\\LakshitaSuthar\\Desktop\\upload-content\\app\\Http\\Controllers\\UploadExcel.php(15): Illuminate\\Support\\Facades\\Facade::__callStatic()
#14 C:\\Users\\LakshitaSuthar\\Desktop\\upload-content\\vendor\\laravel\\framework\\src\\Illuminate\\Routing\\Controller.php(54): App\\Http\\Controllers\\UploadExcel->uploadContentWithPackage()
#15 C:\\Users\\LakshitaSuthar\\Desktop\\upload-content\\vendor\\laravel\\framework\\src\\Illuminate\\Routing\\ControllerDispatcher.php(45): Illuminate\\Routing\\Controller->callAction()
#16 C:\\Users\\LakshitaSuthar\\Desktop\\upload-content\\vendor\\laravel\\framework\\src\\Illuminate\\Routing\\Route.php(261): Illuminate\\Routing\\ControllerDispatcher->dispatch()
#17 C:\\Users\\LakshitaSuthar\\Desktop\\upload-content\\vendor\\laravel\\framework\\src\\Illuminate\\Routing\\Route.php(204): Illuminate\\Routing\\Route->runController()
#18 C:\\Users\\LakshitaSuthar\\Desktop\\upload-content\\vendor\\laravel\\framework\\src\\Illuminate\\Routing\\Router.php(728): Illuminate\\Routing\\Route->run()
#19 C:\\Users\\LakshitaSuthar\\Desktop\\upload-content\\vendor\\laravel\\framework\\src\\Illuminate\\Pipeline\\Pipeline.php(141): Illuminate\\Routing\\Router->Illuminate\\Routing\\{closure}()
#20 C:\\Users\\LakshitaSuthar\\Desktop\\upload-content\\vendor\\laravel\\framework\\src\\Illuminate\\Routing\\Middleware\\SubstituteBindings.php(50): Illuminate\\Pipeline\\Pipeline->Illuminate\\Pipeline\\{closure}()
#21 C:\\Users\\LakshitaSuthar\\Desktop\\upload-content\\vendor\\laravel\\framework\\src\\Illuminate\\Pipeline\\Pipeline.php(180): Illuminate\\Routing\\Middleware\\SubstituteBindings->handle()
#22 C:\\Users\\LakshitaSuthar\\Desktop\\upload-content\\vendor\\laravel\\framework\\src\\Illuminate\\Routing\\Middleware\\ThrottleRequests.php(126): Illuminate\\Pipeline\\Pipeline->Illuminate\\Pipeline\\{closure}()
#23 C:\\Users\\LakshitaSuthar\\Desktop\\upload-content\\vendor\\laravel\\framework\\src\\Illuminate\\Routing\\Middleware\\ThrottleRequests.php(102): Illuminate\\Routing\\Middleware\\ThrottleRequests->handleRequest()
#24 C:\\Users\\LakshitaSuthar\\Desktop\\upload-content\\vendor\\laravel\\framework\\src\\Illuminate\\Routing\\Middleware\\ThrottleRequests.php(54): Illuminate\\Routing\\Middleware\\ThrottleRequests->handleRequestUsingNamedLimiter()
#25 C:\\Users\\LakshitaSuthar\\Desktop\\upload-content\\vendor\\laravel\\framework\\src\\Illuminate\\Pipeline\\Pipeline.php(180): Illuminate\\Routing\\Middleware\\ThrottleRequests->handle()
#26 C:\\Users\\LakshitaSuthar\\Desktop\\upload-content\\vendor\\laravel\\framework\\src\\Illuminate\\Pipeline\\Pipeline.php(116): Illuminate\\Pipeline\\Pipeline->Illuminate\\Pipeline\\{closure}()
#27 C:\\Users\\LakshitaSuthar\\Desktop\\upload-content\\vendor\\laravel\\framework\\src\\Illuminate\\Routing\\Router.php(730): Illuminate\\Pipeline\\Pipeline->then()
#28 C:\\Users\\LakshitaSuthar\\Desktop\\upload-content\\vendor\\laravel\\framework\\src\\Illuminate\\Routing\\Router.php(705): Illuminate\\Routing\\Router->runRouteWithinStack()
#29 C:\\Users\\LakshitaSuthar\\Desktop\\upload-content\\vendor\\laravel\\framework\\src\\Illuminate\\Routing\\Router.php(667): Illuminate\\Routing\\Router->runRoute()
#30 C:\\Users\\LakshitaSuthar\\Desktop\\upload-content\\vendor\\laravel\\framework\\src\\Illuminate\\Routing\\Router.php(656): Illuminate\\Routing\\Router->dispatchToRoute()
#31 C:\\Users\\LakshitaSuthar\\Desktop\\upload-content\\vendor\\laravel\\framework\\src\\Illuminate\\Foundation\\Http\\Kernel.php(167): Illuminate\\Routing\\Router->dispatch()
#32 C:\\Users\\LakshitaSuthar\\Desktop\\upload-content\\vendor\\laravel\\framework\\src\\Illuminate\\Pipeline\\Pipeline.php(141): Illuminate\\Foundation\\Http\\Kernel->Illuminate\\Foundation\\Http\\{closure}()
#33 C:\\Users\\LakshitaSuthar\\Desktop\\upload-content\\vendor\\laravel\\framework\\src\\Illuminate\\Foundation\\Http\\Middleware\\TransformsRequest.php(21): Illuminate\\Pipeline\\Pipeline->Illuminate\\Pipeline\\{closure}()
#34 C:\\Users\\LakshitaSuthar\\Desktop\\upload-content\\vendor\\laravel\\framework\\src\\Illuminate\\Foundation\\Http\\Middleware\\ConvertEmptyStringsToNull.php(31): Illuminate\\Foundation\\Http\\Middleware\\TransformsRequest->handle()
#35 C:\\Users\\LakshitaSuthar\\Desktop\\upload-content\\vendor\\laravel\\framework\\src\\Illuminate\\Pipeline\\Pipeline.php(180): Illuminate\\Foundation\\Http\\Middleware\\ConvertEmptyStringsToNull->handle()
#36 C:\\Users\\LakshitaSuthar\\Desktop\\upload-content\\vendor\\laravel\\framework\\src\\Illuminate\\Foundation\\Http\\Middleware\\TransformsRequest.php(21): Illuminate\\Pipeline\\Pipeline->Illuminate\\Pipeline\\{closure}()
#37 C:\\Users\\LakshitaSuthar\\Desktop\\upload-content\\vendor\\laravel\\framework\\src\\Illuminate\\Foundation\\Http\\Middleware\\TrimStrings.php(40): Illuminate\\Foundation\\Http\\Middleware\\TransformsRequest->handle()
#38 C:\\Users\\LakshitaSuthar\\Desktop\\upload-content\\vendor\\laravel\\framework\\src\\Illuminate\\Pipeline\\Pipeline.php(180): Illuminate\\Foundation\\Http\\Middleware\\TrimStrings->handle()
#39 C:\\Users\\LakshitaSuthar\\Desktop\\upload-content\\vendor\\laravel\\framework\\src\\Illuminate\\Foundation\\Http\\Middleware\\ValidatePostSize.php(27): Illuminate\\Pipeline\\Pipeline->Illuminate\\Pipeline\\{closure}()
#40 C:\\Users\\LakshitaSuthar\\Desktop\\upload-content\\vendor\\laravel\\framework\\src\\Illuminate\\Pipeline\\Pipeline.php(180): Illuminate\\Foundation\\Http\\Middleware\\ValidatePostSize->handle()
#41 C:\\Users\\LakshitaSuthar\\Desktop\\upload-content\\vendor\\laravel\\framework\\src\\Illuminate\\Foundation\\Http\\Middleware\\PreventRequestsDuringMaintenance.php(86): Illuminate\\Pipeline\\Pipeline->Illuminate\\Pipeline\\{closure}()
#42 C:\\Users\\LakshitaSuthar\\Desktop\\upload-content\\vendor\\laravel\\framework\\src\\Illuminate\\Pipeline\\Pipeline.php(180): Illuminate\\Foundation\\Http\\Middleware\\PreventRequestsDuringMaintenance->handle()
#43 C:\\Users\\LakshitaSuthar\\Desktop\\upload-content\\vendor\\laravel\\framework\\src\\Illuminate\\Http\\Middleware\\HandleCors.php(62): Illuminate\\Pipeline\\Pipeline->Illuminate\\Pipeline\\{closure}()
#44 C:\\Users\\LakshitaSuthar\\Desktop\\upload-content\\vendor\\laravel\\framework\\src\\Illuminate\\Pipeline\\Pipeline.php(180): Illuminate\\Http\\Middleware\\HandleCors->handle()
#45 C:\\Users\\LakshitaSuthar\\Desktop\\upload-content\\vendor\\laravel\\framework\\src\\Illuminate\\Http\\Middleware\\TrustProxies.php(39): Illuminate\\Pipeline\\Pipeline->Illuminate\\Pipeline\\{closure}()
#46 C:\\Users\\LakshitaSuthar\\Desktop\\upload-content\\vendor\\laravel\\framework\\src\\Illuminate\\Pipeline\\Pipeline.php(180): Illuminate\\Http\\Middleware\\TrustProxies->handle()
#47 C:\\Users\\LakshitaSuthar\\Desktop\\upload-content\\vendor\\laravel\\framework\\src\\Illuminate\\Pipeline\\Pipeline.php(116): Illuminate\\Pipeline\\Pipeline->Illuminate\\Pipeline\\{closure}()
#48 C:\\Users\\LakshitaSuthar\\Desktop\\upload-content\\vendor\\laravel\\framework\\src\\Illuminate\\Foundation\\Http\\Kernel.php(142): Illuminate\\Pipeline\\Pipeline->then()
#49 C:\\Users\\LakshitaSuthar\\Desktop\\upload-content\\vendor\\laravel\\framework\\src\\Illuminate\\Foundation\\Http\\Kernel.php(111): Illuminate\\Foundation\\Http\\Kernel->sendRequestThroughRouter()
#50 C:\\Users\\LakshitaSuthar\\Desktop\\upload-content\\public\\index.php(52): Illuminate\\Foundation\\Http\\Kernel->handle()
#51 C:\\Users\\LakshitaSuthar\\Desktop\\upload-content\\vendor\\laravel\\framework\\src\\Illuminate\\Foundation\esources\\server.php(16): require_once('...')
#52 {main}
"} 
[2022-04-07 06:52:37] local.ERROR: SQLSTATE[42S02]: Base table or view not found: 1146 Table 'upload_content.importan_excels' doesn't exist (SQL: select * from `importan_excels` where (`name` = Ajay and `username` = ajay15 and `email` = ajay@gmail.com) limit 1) {"exception":"[object] (Illuminate\\Database\\QueryException(code: 42S02): SQLSTATE[42S02]: Base table or view not found: 1146 Table 'upload_content.importan_excels' doesn't exist (SQL: select * from `importan_excels` where (`name` = Ajay and `username` = ajay15 and `email` = ajay@gmail.com) limit 1) at C:\\Users\\LakshitaSuthar\\Desktop\\upload-content\\vendor\\laravel\\framework\\src\\Illuminate\\Database\\Connection.php:716)
[stacktrace]
#0 C:\\Users\\LakshitaSuthar\\Desktop\\upload-content\\vendor\\laravel\\framework\\src\\Illuminate\\Database\\Connection.php(676): Illuminate\\Database\\Connection->runQueryCallback()
#1 C:\\Users\\LakshitaSuthar\\Desktop\\upload-content\\vendor\\laravel\\framework\\src\\Illuminate\\Database\\Connection.php(376): Illuminate\\Database\\Connection->run()
#2 C:\\Users\\LakshitaSuthar\\Desktop\\upload-content\\vendor\\laravel\\framework\\src\\Illuminate\\Database\\Query\\Builder.php(2607): Illuminate\\Database\\Connection->select()
#3 C:\\Users\\LakshitaSuthar\\Desktop\\upload-content\\vendor\\laravel\\framework\\src\\Illuminate\\Database\\Query\\Builder.php(2595): Illuminate\\Database\\Query\\Builder->runSelect()
#4 C:\\Users\\LakshitaSuthar\\Desktop\\upload-content\\vendor\\laravel\\framework\\src\\Illuminate\\Database\\Query\\Builder.php(3129): Illuminate\\Database\\Query\\Builder->Illuminate\\Database\\Query\\{closure}()
#5 C:\\Users\\LakshitaSuthar\\Desktop\\upload-content\\vendor\\laravel\\framework\\src\\Illuminate\\Database\\Query\\Builder.php(2596): Illuminate\\Database\\Query\\Builder->onceWithColumns()
#6 C:\\Users\\LakshitaSuthar\\Desktop\\upload-content\\vendor\\laravel\\framework\\src\\Illuminate\\Database\\Eloquent\\Builder.php(675): Illuminate\\Database\\Query\\Builder->get()
#7 C:\\Users\\LakshitaSuthar\\Desktop\\upload-content\\vendor\\laravel\\framework\\src\\Illuminate\\Database\\Eloquent\\Builder.php(659): Illuminate\\Database\\Eloquent\\Builder->getModels()
#8 C:\\Users\\LakshitaSuthar\\Desktop\\upload-content\\vendor\\laravel\\framework\\src\\Illuminate\\Database\\Concerns\\BuildsQueries.php(296): Illuminate\\Database\\Eloquent\\Builder->get()
#9 C:\\Users\\LakshitaSuthar\\Desktop\\upload-content\\vendor\\laravel\\framework\\src\\Illuminate\\Database\\Eloquent\\Builder.php(526): Illuminate\\Database\\Eloquent\\Builder->first()
#10 C:\\Users\\LakshitaSuthar\\Desktop\\upload-content\\vendor\\laravel\\framework\\src\\Illuminate\\Support\\Traits\\ForwardsCalls.php(23): Illuminate\\Database\\Eloquent\\Builder->firstOrCreate()
#11 C:\\Users\\LakshitaSuthar\\Desktop\\upload-content\\vendor\\laravel\\framework\\src\\Illuminate\\Database\\Eloquent\\Model.php(2133): Illuminate\\Database\\Eloquent\\Model->forwardCallTo()
#12 C:\\Users\\LakshitaSuthar\\Desktop\\upload-content\\vendor\\laravel\\framework\\src\\Illuminate\\Database\\Eloquent\\Model.php(2145): Illuminate\\Database\\Eloquent\\Model->__call()
#13 C:\\Users\\LakshitaSuthar\\Desktop\\upload-content\\app\\Imports\\ExcelImport.php(27): Illuminate\\Database\\Eloquent\\Model::__callStatic()
#14 C:\\Users\\LakshitaSuthar\\Desktop\\upload-content\\vendor\\maatwebsite\\excel\\src\\Imports\\ModelManager.php(91): App\\Imports\\ExcelImport->model()
#15 C:\\Users\\LakshitaSuthar\\Desktop\\upload-content\\vendor\\maatwebsite\\excel\\src\\Imports\\ModelManager.php(143): Maatwebsite\\Excel\\Imports\\ModelManager->toModels()
#16 C:\\Users\\LakshitaSuthar\\Desktop\\upload-content\\vendor\\laravel\\framework\\src\\Illuminate\\Collections\\Traits\\EnumeratesValues.php(263): Maatwebsite\\Excel\\Imports\\ModelManager->Maatwebsite\\Excel\\Imports\\{closure}()
#17 C:\\Users\\LakshitaSuthar\\Desktop\\upload-content\\vendor\\maatwebsite\\excel\\src\\Imports\\ModelManager.php(162): Illuminate\\Support\\Collection->each()
#18 C:\\Users\\LakshitaSuthar\\Desktop\\upload-content\\vendor\\maatwebsite\\excel\\src\\Imports\\ModelManager.php(73): Maatwebsite\\Excel\\Imports\\ModelManager->singleFlush()
#19 C:\\Users\\LakshitaSuthar\\Desktop\\upload-content\\vendor\\maatwebsite\\excel\\src\\Imports\\ModelImporter.php(82): Maatwebsite\\Excel\\Imports\\ModelManager->flush()
#20 C:\\Users\\LakshitaSuthar\\Desktop\\upload-content\\vendor\\maatwebsite\\excel\\src\\Sheet.php(262): Maatwebsite\\Excel\\Imports\\ModelImporter->import()
#21 C:\\Users\\LakshitaSuthar\\Desktop\\upload-content\\vendor\\maatwebsite\\excel\\src\\Reader.php(116): Maatwebsite\\Excel\\Sheet->import()
#22 C:\\Users\\LakshitaSuthar\\Desktop\\upload-content\\vendor\\laravel\\framework\\src\\Illuminate\\Database\\Concerns\\ManagesTransactions.php(29): Maatwebsite\\Excel\\Reader->Maatwebsite\\Excel\\{closure}()
#23 C:\\Users\\LakshitaSuthar\\Desktop\\upload-content\\vendor\\maatwebsite\\excel\\src\\Transactions\\DbTransactionHandler.php(30): Illuminate\\Database\\Connection->transaction()
#24 C:\\Users\\LakshitaSuthar\\Desktop\\upload-content\\vendor\\maatwebsite\\excel\\src\\Reader.php(130): Maatwebsite\\Excel\\Transactions\\DbTransactionHandler->__invoke()
#25 C:\\Users\\LakshitaSuthar\\Desktop\\upload-content\\vendor\\maatwebsite\\excel\\src\\Excel.php(146): Maatwebsite\\Excel\\Reader->read()
#26 C:\\Users\\LakshitaSuthar\\Desktop\\upload-content\\vendor\\laravel\\framework\\src\\Illuminate\\Support\\Facades\\Facade.php(337): Maatwebsite\\Excel\\Excel->import()
#27 C:\\Users\\LakshitaSuthar\\Desktop\\upload-content\\app\\Http\\Controllers\\UploadExcel.php(15): Illuminate\\Support\\Facades\\Facade::__callStatic()
#28 C:\\Users\\LakshitaSuthar\\Desktop\\upload-content\\vendor\\laravel\\framework\\src\\Illuminate\\Routing\\Controller.php(54): App\\Http\\Controllers\\UploadExcel->uploadContentWithPackage()
#29 C:\\Users\\LakshitaSuthar\\Desktop\\upload-content\\vendor\\laravel\\framework\\src\\Illuminate\\Routing\\ControllerDispatcher.php(45): Illuminate\\Routing\\Controller->callAction()
#30 C:\\Users\\LakshitaSuthar\\Desktop\\upload-content\\vendor\\laravel\\framework\\src\\Illuminate\\Routing\\Route.php(261): Illuminate\\Routing\\ControllerDispatcher->dispatch()
#31 C:\\Users\\LakshitaSuthar\\Desktop\\upload-content\\vendor\\laravel\\framework\\src\\Illuminate\\Routing\\Route.php(204): Illuminate\\Routing\\Route->runController()
#32 C:\\Users\\LakshitaSuthar\\Desktop\\upload-content\\vendor\\laravel\\framework\\src\\Illuminate\\Routing\\Router.php(728): Illuminate\\Routing\\Route->run()
#33 C:\\Users\\LakshitaSuthar\\Desktop\\upload-content\\vendor\\laravel\\framework\\src\\Illuminate\\Pipeline\\Pipeline.php(141): Illuminate\\Routing\\Router->Illuminate\\Routing\\{closure}()
#34 C:\\Users\\LakshitaSuthar\\Desktop\\upload-content\\vendor\\laravel\\framework\\src\\Illuminate\\Routing\\Middleware\\SubstituteBindings.php(50): Illuminate\\Pipeline\\Pipeline->Illuminate\\Pipeline\\{closure}()
#35 C:\\Users\\LakshitaSuthar\\Desktop\\upload-content\\vendor\\laravel\\framework\\src\\Illuminate\\Pipeline\\Pipeline.php(180): Illuminate\\Routing\\Middleware\\SubstituteBindings->handle()
#36 C:\\Users\\LakshitaSuthar\\Desktop\\upload-content\\vendor\\laravel\\framework\\src\\Illuminate\\Routing\\Middleware\\ThrottleRequests.php(126): Illuminate\\Pipeline\\Pipeline->Illuminate\\Pipeline\\{closure}()
#37 C:\\Users\\LakshitaSuthar\\Desktop\\upload-content\\vendor\\laravel\\framework\\src\\Illuminate\\Routing\\Middleware\\ThrottleRequests.php(102): Illuminate\\Routing\\Middleware\\ThrottleRequests->handleRequest()
#38 C:\\Users\\LakshitaSuthar\\Desktop\\upload-content\\vendor\\laravel\\framework\\src\\Illuminate\\Routing\\Middleware\\ThrottleRequests.php(54): Illuminate\\Routing\\Middleware\\ThrottleRequests->handleRequestUsingNamedLimiter()
#39 C:\\Users\\LakshitaSuthar\\Desktop\\upload-content\\vendor\\laravel\\framework\\src\\Illuminate\\Pipeline\\Pipeline.php(180): Illuminate\\Routing\\Middleware\\ThrottleRequests->handle()
#40 C:\\Users\\LakshitaSuthar\\Desktop\\upload-content\\vendor\\laravel\\framework\\src\\Illuminate\\Pipeline\\Pipeline.php(116): Illuminate\\Pipeline\\Pipeline->Illuminate\\Pipeline\\{closure}()
#41 C:\\Users\\LakshitaSuthar\\Desktop\\upload-content\\vendor\\laravel\\framework\\src\\Illuminate\\Routing\\Router.php(730): Illuminate\\Pipeline\\Pipeline->then()
#42 C:\\Users\\LakshitaSuthar\\Desktop\\upload-content\\vendor\\laravel\\framework\\src\\Illuminate\\Routing\\Router.php(705): Illuminate\\Routing\\Router->runRouteWithinStack()
#43 C:\\Users\\LakshitaSuthar\\Desktop\\upload-content\\vendor\\laravel\\framework\\src\\Illuminate\\Routing\\Router.php(667): Illuminate\\Routing\\Router->runRoute()
#44 C:\\Users\\LakshitaSuthar\\Desktop\\upload-content\\vendor\\laravel\\framework\\src\\Illuminate\\Routing\\Router.php(656): Illuminate\\Routing\\Router->dispatchToRoute()
#45 C:\\Users\\LakshitaSuthar\\Desktop\\upload-content\\vendor\\laravel\\framework\\src\\Illuminate\\Foundation\\Http\\Kernel.php(167): Illuminate\\Routing\\Router->dispatch()
#46 C:\\Users\\LakshitaSuthar\\Desktop\\upload-content\\vendor\\laravel\\framework\\src\\Illuminate\\Pipeline\\Pipeline.php(141): Illuminate\\Foundation\\Http\\Kernel->Illuminate\\Foundation\\Http\\{closure}()
#47 C:\\Users\\LakshitaSuthar\\Desktop\\upload-content\\vendor\\laravel\\framework\\src\\Illuminate\\Foundation\\Http\\Middleware\\TransformsRequest.php(21): Illuminate\\Pipeline\\Pipeline->Illuminate\\Pipeline\\{closure}()
#48 C:\\Users\\LakshitaSuthar\\Desktop\\upload-content\\vendor\\laravel\\framework\\src\\Illuminate\\Foundation\\Http\\Middleware\\ConvertEmptyStringsToNull.php(31): Illuminate\\Foundation\\Http\\Middleware\\TransformsRequest->handle()
#49 C:\\Users\\LakshitaSuthar\\Desktop\\upload-content\\vendor\\laravel\\framework\\src\\Illuminate\\Pipeline\\Pipeline.php(180): Illuminate\\Foundation\\Http\\Middleware\\ConvertEmptyStringsToNull->handle()
#50 C:\\Users\\LakshitaSuthar\\Desktop\\upload-content\\vendor\\laravel\\framework\\src\\Illuminate\\Foundation\\Http\\Middleware\\TransformsRequest.php(21): Illuminate\\Pipeline\\Pipeline->Illuminate\\Pipeline\\{closure}()
#51 C:\\Users\\LakshitaSuthar\\Desktop\\upload-content\\vendor\\laravel\\framework\\src\\Illuminate\\Foundation\\Http\\Middleware\\TrimStrings.php(40): Illuminate\\Foundation\\Http\\Middleware\\TransformsRequest->handle()
#52 C:\\Users\\LakshitaSuthar\\Desktop\\upload-content\\vendor\\laravel\\framework\\src\\Illuminate\\Pipeline\\Pipeline.php(180): Illuminate\\Foundation\\Http\\Middleware\\TrimStrings->handle()
#53 C:\\Users\\LakshitaSuthar\\Desktop\\upload-content\\vendor\\laravel\\framework\\src\\Illuminate\\Foundation\\Http\\Middleware\\ValidatePostSize.php(27): Illuminate\\Pipeline\\Pipeline->Illuminate\\Pipeline\\{closure}()
#54 C:\\Users\\LakshitaSuthar\\Desktop\\upload-content\\vendor\\laravel\\framework\\src\\Illuminate\\Pipeline\\Pipeline.php(180): Illuminate\\Foundation\\Http\\Middleware\\ValidatePostSize->handle()
#55 C:\\Users\\LakshitaSuthar\\Desktop\\upload-content\\vendor\\laravel\\framework\\src\\Illuminate\\Foundation\\Http\\Middleware\\PreventRequestsDuringMaintenance.php(86): Illuminate\\Pipeline\\Pipeline->Illuminate\\Pipeline\\{closure}()
#56 C:\\Users\\LakshitaSuthar\\Desktop\\upload-content\\vendor\\laravel\\framework\\src\\Illuminate\\Pipeline\\Pipeline.php(180): Illuminate\\Foundation\\Http\\Middleware\\PreventRequestsDuringMaintenance->handle()
#57 C:\\Users\\LakshitaSuthar\\Desktop\\upload-content\\vendor\\laravel\\framework\\src\\Illuminate\\Http\\Middleware\\HandleCors.php(62): Illuminate\\Pipeline\\Pipeline->Illuminate\\Pipeline\\{closure}()
#58 C:\\Users\\LakshitaSuthar\\Desktop\\upload-content\\vendor\\laravel\\framework\\src\\Illuminate\\Pipeline\\Pipeline.php(180): Illuminate\\Http\\Middleware\\HandleCors->handle()
#59 C:\\Users\\LakshitaSuthar\\Desktop\\upload-content\\vendor\\laravel\\framework\\src\\Illuminate\\Http\\Middleware\\TrustProxies.php(39): Illuminate\\Pipeline\\Pipeline->Illuminate\\Pipeline\\{closure}()
#60 C:\\Users\\LakshitaSuthar\\Desktop\\upload-content\\vendor\\laravel\\framework\\src\\Illuminate\\Pipeline\\Pipeline.php(180): Illuminate\\Http\\Middleware\\TrustProxies->handle()
#61 C:\\Users\\LakshitaSuthar\\Desktop\\upload-content\\vendor\\laravel\\framework\\src\\Illuminate\\Pipeline\\Pipeline.php(116): Illuminate\\Pipeline\\Pipeline->Illuminate\\Pipeline\\{closure}()
#62 C:\\Users\\LakshitaSuthar\\Desktop\\upload-content\\vendor\\laravel\\framework\\src\\Illuminate\\Foundation\\Http\\Kernel.php(142): Illuminate\\Pipeline\\Pipeline->then()
#63 C:\\Users\\LakshitaSuthar\\Desktop\\upload-content\\vendor\\laravel\\framework\\src\\Illuminate\\Foundation\\Http\\Kernel.php(111): Illuminate\\Foundation\\Http\\Kernel->sendRequestThroughRouter()
#64 C:\\Users\\LakshitaSuthar\\Desktop\\upload-content\\public\\index.php(52): Illuminate\\Foundation\\Http\\Kernel->handle()
#65 C:\\Users\\LakshitaSuthar\\Desktop\\upload-content\\vendor\\laravel\\framework\\src\\Illuminate\\Foundation\esources\\server.php(16): require_once('...')
#66 {main}

[previous exception] [object] (PDOException(code: 42S02): SQLSTATE[42S02]: Base table or view not found: 1146 Table 'upload_content.importan_excels' doesn't exist at C:\\Users\\LakshitaSuthar\\Desktop\\upload-content\\vendor\\laravel\\framework\\src\\Illuminate\\Database\\Connection.php:368)
[stacktrace]
#0 C:\\Users\\LakshitaSuthar\\Desktop\\upload-content\\vendor\\laravel\\framework\\src\\Illuminate\\Database\\Connection.php(368): PDO->prepare()
#1 C:\\Users\\LakshitaSuthar\\Desktop\\upload-content\\vendor\\laravel\\framework\\src\\Illuminate\\Database\\Connection.php(709): Illuminate\\Database\\Connection->Illuminate\\Database\\{closure}()
#2 C:\\Users\\LakshitaSuthar\\Desktop\\upload-content\\vendor\\laravel\\framework\\src\\Illuminate\\Database\\Connection.php(676): Illuminate\\Database\\Connection->runQueryCallback()
#3 C:\\Users\\LakshitaSuthar\\Desktop\\upload-content\\vendor\\laravel\\framework\\src\\Illuminate\\Database\\Connection.php(376): Illuminate\\Database\\Connection->run()
#4 C:\\Users\\LakshitaSuthar\\Desktop\\upload-content\\vendor\\laravel\\framework\\src\\Illuminate\\Database\\Query\\Builder.php(2607): Illuminate\\Database\\Connection->select()
#5 C:\\Users\\LakshitaSuthar\\Desktop\\upload-content\\vendor\\laravel\\framework\\src\\Illuminate\\Database\\Query\\Builder.php(2595): Illuminate\\Database\\Query\\Builder->runSelect()
#6 C:\\Users\\LakshitaSuthar\\Desktop\\upload-content\\vendor\\laravel\\framework\\src\\Illuminate\\Database\\Query\\Builder.php(3129): Illuminate\\Database\\Query\\Builder->Illuminate\\Database\\Query\\{closure}()
#7 C:\\Users\\LakshitaSuthar\\Desktop\\upload-content\\vendor\\laravel\\framework\\src\\Illuminate\\Database\\Query\\Builder.php(2596): Illuminate\\Database\\Query\\Builder->onceWithColumns()
#8 C:\\Users\\LakshitaSuthar\\Desktop\\upload-content\\vendor\\laravel\\framework\\src\\Illuminate\\Database\\Eloquent\\Builder.php(675): Illuminate\\Database\\Query\\Builder->get()
#9 C:\\Users\\LakshitaSuthar\\Desktop\\upload-content\\vendor\\laravel\\framework\\src\\Illuminate\\Database\\Eloquent\\Builder.php(659): Illuminate\\Database\\Eloquent\\Builder->getModels()
#10 C:\\Users\\LakshitaSuthar\\Desktop\\upload-content\\vendor\\laravel\\framework\\src\\Illuminate\\Database\\Concerns\\BuildsQueries.php(296): Illuminate\\Database\\Eloquent\\Builder->get()
#11 C:\\Users\\LakshitaSuthar\\Desktop\\upload-content\\vendor\\laravel\\framework\\src\\Illuminate\\Database\\Eloquent\\Builder.php(526): Illuminate\\Database\\Eloquent\\Builder->first()
#12 C:\\Users\\LakshitaSuthar\\Desktop\\upload-content\\vendor\\laravel\\framework\\src\\Illuminate\\Support\\Traits\\ForwardsCalls.php(23): Illuminate\\Database\\Eloquent\\Builder->firstOrCreate()
#13 C:\\Users\\LakshitaSuthar\\Desktop\\upload-content\\vendor\\laravel\\framework\\src\\Illuminate\\Database\\Eloquent\\Model.php(2133): Illuminate\\Database\\Eloquent\\Model->forwardCallTo()
#14 C:\\Users\\LakshitaSuthar\\Desktop\\upload-content\\vendor\\laravel\\framework\\src\\Illuminate\\Database\\Eloquent\\Model.php(2145): Illuminate\\Database\\Eloquent\\Model->__call()
#15 C:\\Users\\LakshitaSuthar\\Desktop\\upload-content\\app\\Imports\\ExcelImport.php(27): Illuminate\\Database\\Eloquent\\Model::__callStatic()
#16 C:\\Users\\LakshitaSuthar\\Desktop\\upload-content\\vendor\\maatwebsite\\excel\\src\\Imports\\ModelManager.php(91): App\\Imports\\ExcelImport->model()
#17 C:\\Users\\LakshitaSuthar\\Desktop\\upload-content\\vendor\\maatwebsite\\excel\\src\\Imports\\ModelManager.php(143): Maatwebsite\\Excel\\Imports\\ModelManager->toModels()
#18 C:\\Users\\LakshitaSuthar\\Desktop\\upload-content\\vendor\\laravel\\framework\\src\\Illuminate\\Collections\\Traits\\EnumeratesValues.php(263): Maatwebsite\\Excel\\Imports\\ModelManager->Maatwebsite\\Excel\\Imports\\{closure}()
#19 C:\\Users\\LakshitaSuthar\\Desktop\\upload-content\\vendor\\maatwebsite\\excel\\src\\Imports\\ModelManager.php(162): Illuminate\\Support\\Collection->each()
#20 C:\\Users\\LakshitaSuthar\\Desktop\\upload-content\\vendor\\maatwebsite\\excel\\src\\Imports\\ModelManager.php(73): Maatwebsite\\Excel\\Imports\\ModelManager->singleFlush()
#21 C:\\Users\\LakshitaSuthar\\Desktop\\upload-content\\vendor\\maatwebsite\\excel\\src\\Imports\\ModelImporter.php(82): Maatwebsite\\Excel\\Imports\\ModelManager->flush()
#22 C:\\Users\\LakshitaSuthar\\Desktop\\upload-content\\vendor\\maatwebsite\\excel\\src\\Sheet.php(262): Maatwebsite\\Excel\\Imports\\ModelImporter->import()
#23 C:\\Users\\LakshitaSuthar\\Desktop\\upload-content\\vendor\\maatwebsite\\excel\\src\\Reader.php(116): Maatwebsite\\Excel\\Sheet->import()
#24 C:\\Users\\LakshitaSuthar\\Desktop\\upload-content\\vendor\\laravel\\framework\\src\\Illuminate\\Database\\Concerns\\ManagesTransactions.php(29): Maatwebsite\\Excel\\Reader->Maatwebsite\\Excel\\{closure}()
#25 C:\\Users\\LakshitaSuthar\\Desktop\\upload-content\\vendor\\maatwebsite\\excel\\src\\Transactions\\DbTransactionHandler.php(30): Illuminate\\Database\\Connection->transaction()
#26 C:\\Users\\LakshitaSuthar\\Desktop\\upload-content\\vendor\\maatwebsite\\excel\\src\\Reader.php(130): Maatwebsite\\Excel\\Transactions\\DbTransactionHandler->__invoke()
#27 C:\\Users\\LakshitaSuthar\\Desktop\\upload-content\\vendor\\maatwebsite\\excel\\src\\Excel.php(146): Maatwebsite\\Excel\\Reader->read()
#28 C:\\Users\\LakshitaSuthar\\Desktop\\upload-content\\vendor\\laravel\\framework\\src\\Illuminate\\Support\\Facades\\Facade.php(337): Maatwebsite\\Excel\\Excel->import()
#29 C:\\Users\\LakshitaSuthar\\Desktop\\upload-content\\app\\Http\\Controllers\\UploadExcel.php(15): Illuminate\\Support\\Facades\\Facade::__callStatic()
#30 C:\\Users\\LakshitaSuthar\\Desktop\\upload-content\\vendor\\laravel\\framework\\src\\Illuminate\\Routing\\Controller.php(54): App\\Http\\Controllers\\UploadExcel->uploadContentWithPackage()
#31 C:\\Users\\LakshitaSuthar\\Desktop\\upload-content\\vendor\\laravel\\framework\\src\\Illuminate\\Routing\\ControllerDispatcher.php(45): Illuminate\\Routing\\Controller->callAction()
#32 C:\\Users\\LakshitaSuthar\\Desktop\\upload-content\\vendor\\laravel\\framework\\src\\Illuminate\\Routing\\Route.php(261): Illuminate\\Routing\\ControllerDispatcher->dispatch()
#33 C:\\Users\\LakshitaSuthar\\Desktop\\upload-content\\vendor\\laravel\\framework\\src\\Illuminate\\Routing\\Route.php(204): Illuminate\\Routing\\Route->runController()
#34 C:\\Users\\LakshitaSuthar\\Desktop\\upload-content\\vendor\\laravel\\framework\\src\\Illuminate\\Routing\\Router.php(728): Illuminate\\Routing\\Route->run()
#35 C:\\Users\\LakshitaSuthar\\Desktop\\upload-content\\vendor\\laravel\\framework\\src\\Illuminate\\Pipeline\\Pipeline.php(141): Illuminate\\Routing\\Router->Illuminate\\Routing\\{closure}()
#36 C:\\Users\\LakshitaSuthar\\Desktop\\upload-content\\vendor\\laravel\\framework\\src\\Illuminate\\Routing\\Middleware\\SubstituteBindings.php(50): Illuminate\\Pipeline\\Pipeline->Illuminate\\Pipeline\\{closure}()
#37 C:\\Users\\LakshitaSuthar\\Desktop\\upload-content\\vendor\\laravel\\framework\\src\\Illuminate\\Pipeline\\Pipeline.php(180): Illuminate\\Routing\\Middleware\\SubstituteBindings->handle()
#38 C:\\Users\\LakshitaSuthar\\Desktop\\upload-content\\vendor\\laravel\\framework\\src\\Illuminate\\Routing\\Middleware\\ThrottleRequests.php(126): Illuminate\\Pipeline\\Pipeline->Illuminate\\Pipeline\\{closure}()
#39 C:\\Users\\LakshitaSuthar\\Desktop\\upload-content\\vendor\\laravel\\framework\\src\\Illuminate\\Routing\\Middleware\\ThrottleRequests.php(102): Illuminate\\Routing\\Middleware\\ThrottleRequests->handleRequest()
#40 C:\\Users\\LakshitaSuthar\\Desktop\\upload-content\\vendor\\laravel\\framework\\src\\Illuminate\\Routing\\Middleware\\ThrottleRequests.php(54): Illuminate\\Routing\\Middleware\\ThrottleRequests->handleRequestUsingNamedLimiter()
#41 C:\\Users\\LakshitaSuthar\\Desktop\\upload-content\\vendor\\laravel\\framework\\src\\Illuminate\\Pipeline\\Pipeline.php(180): Illuminate\\Routing\\Middleware\\ThrottleRequests->handle()
#42 C:\\Users\\LakshitaSuthar\\Desktop\\upload-content\\vendor\\laravel\\framework\\src\\Illuminate\\Pipeline\\Pipeline.php(116): Illuminate\\Pipeline\\Pipeline->Illuminate\\Pipeline\\{closure}()
#43 C:\\Users\\LakshitaSuthar\\Desktop\\upload-content\\vendor\\laravel\\framework\\src\\Illuminate\\Routing\\Router.php(730): Illuminate\\Pipeline\\Pipeline->then()
#44 C:\\Users\\LakshitaSuthar\\Desktop\\upload-content\\vendor\\laravel\\framework\\src\\Illuminate\\Routing\\Router.php(705): Illuminate\\Routing\\Router->runRouteWithinStack()
#45 C:\\Users\\LakshitaSuthar\\Desktop\\upload-content\\vendor\\laravel\\framework\\src\\Illuminate\\Routing\\Router.php(667): Illuminate\\Routing\\Router->runRoute()
#46 C:\\Users\\LakshitaSuthar\\Desktop\\upload-content\\vendor\\laravel\\framework\\src\\Illuminate\\Routing\\Router.php(656): Illuminate\\Routing\\Router->dispatchToRoute()
#47 C:\\Users\\LakshitaSuthar\\Desktop\\upload-content\\vendor\\laravel\\framework\\src\\Illuminate\\Foundation\\Http\\Kernel.php(167): Illuminate\\Routing\\Router->dispatch()
#48 C:\\Users\\LakshitaSuthar\\Desktop\\upload-content\\vendor\\laravel\\framework\\src\\Illuminate\\Pipeline\\Pipeline.php(141): Illuminate\\Foundation\\Http\\Kernel->Illuminate\\Foundation\\Http\\{closure}()
#49 C:\\Users\\LakshitaSuthar\\Desktop\\upload-content\\vendor\\laravel\\framework\\src\\Illuminate\\Foundation\\Http\\Middleware\\TransformsRequest.php(21): Illuminate\\Pipeline\\Pipeline->Illuminate\\Pipeline\\{closure}()
#50 C:\\Users\\LakshitaSuthar\\Desktop\\upload-content\\vendor\\laravel\\framework\\src\\Illuminate\\Foundation\\Http\\Middleware\\ConvertEmptyStringsToNull.php(31): Illuminate\\Foundation\\Http\\Middleware\\TransformsRequest->handle()
#51 C:\\Users\\LakshitaSuthar\\Desktop\\upload-content\\vendor\\laravel\\framework\\src\\Illuminate\\Pipeline\\Pipeline.php(180): Illuminate\\Foundation\\Http\\Middleware\\ConvertEmptyStringsToNull->handle()
#52 C:\\Users\\LakshitaSuthar\\Desktop\\upload-content\\vendor\\laravel\\framework\\src\\Illuminate\\Foundation\\Http\\Middleware\\TransformsRequest.php(21): Illuminate\\Pipeline\\Pipeline->Illuminate\\Pipeline\\{closure}()
#53 C:\\Users\\LakshitaSuthar\\Desktop\\upload-content\\vendor\\laravel\\framework\\src\\Illuminate\\Foundation\\Http\\Middleware\\TrimStrings.php(40): Illuminate\\Foundation\\Http\\Middleware\\TransformsRequest->handle()
#54 C:\\Users\\LakshitaSuthar\\Desktop\\upload-content\\vendor\\laravel\\framework\\src\\Illuminate\\Pipeline\\Pipeline.php(180): Illuminate\\Foundation\\Http\\Middleware\\TrimStrings->handle()
#55 C:\\Users\\LakshitaSuthar\\Desktop\\upload-content\\vendor\\laravel\\framework\\src\\Illuminate\\Foundation\\Http\\Middleware\\ValidatePostSize.php(27): Illuminate\\Pipeline\\Pipeline->Illuminate\\Pipeline\\{closure}()
#56 C:\\Users\\LakshitaSuthar\\Desktop\\upload-content\\vendor\\laravel\\framework\\src\\Illuminate\\Pipeline\\Pipeline.php(180): Illuminate\\Foundation\\Http\\Middleware\\ValidatePostSize->handle()
#57 C:\\Users\\LakshitaSuthar\\Desktop\\upload-content\\vendor\\laravel\\framework\\src\\Illuminate\\Foundation\\Http\\Middleware\\PreventRequestsDuringMaintenance.php(86): Illuminate\\Pipeline\\Pipeline->Illuminate\\Pipeline\\{closure}()
#58 C:\\Users\\LakshitaSuthar\\Desktop\\upload-content\\vendor\\laravel\\framework\\src\\Illuminate\\Pipeline\\Pipeline.php(180): Illuminate\\Foundation\\Http\\Middleware\\PreventRequestsDuringMaintenance->handle()
#59 C:\\Users\\LakshitaSuthar\\Desktop\\upload-content\\vendor\\laravel\\framework\\src\\Illuminate\\Http\\Middleware\\HandleCors.php(62): Illuminate\\Pipeline\\Pipeline->Illuminate\\Pipeline\\{closure}()
#60 C:\\Users\\LakshitaSuthar\\Desktop\\upload-content\\vendor\\laravel\\framework\\src\\Illuminate\\Pipeline\\Pipeline.php(180): Illuminate\\Http\\Middleware\\HandleCors->handle()
#61 C:\\Users\\LakshitaSuthar\\Desktop\\upload-content\\vendor\\laravel\\framework\\src\\Illuminate\\Http\\Middleware\\TrustProxies.php(39): Illuminate\\Pipeline\\Pipeline->Illuminate\\Pipeline\\{closure}()
#62 C:\\Users\\LakshitaSuthar\\Desktop\\upload-content\\vendor\\laravel\\framework\\src\\Illuminate\\Pipeline\\Pipeline.php(180): Illuminate\\Http\\Middleware\\TrustProxies->handle()
#63 C:\\Users\\LakshitaSuthar\\Desktop\\upload-content\\vendor\\laravel\\framework\\src\\Illuminate\\Pipeline\\Pipeline.php(116): Illuminate\\Pipeline\\Pipeline->Illuminate\\Pipeline\\{closure}()
#64 C:\\Users\\LakshitaSuthar\\Desktop\\upload-content\\vendor\\laravel\\framework\\src\\Illuminate\\Foundation\\Http\\Kernel.php(142): Illuminate\\Pipeline\\Pipeline->then()
#65 C:\\Users\\LakshitaSuthar\\Desktop\\upload-content\\vendor\\laravel\\framework\\src\\Illuminate\\Foundation\\Http\\Kernel.php(111): Illuminate\\Foundation\\Http\\Kernel->sendRequestThroughRouter()
#66 C:\\Users\\LakshitaSuthar\\Desktop\\upload-content\\public\\index.php(52): Illuminate\\Foundation\\Http\\Kernel->handle()
#67 C:\\Users\\LakshitaSuthar\\Desktop\\upload-content\\vendor\\laravel\\framework\\src\\Illuminate\\Foundation\esources\\server.php(16): require_once('...')
#68 {main}
"} 
[2022-04-07 06:54:34] local.ERROR: SQLSTATE[42S22]: Column not found: 1054 Unknown column 'updated_at' in 'field list' (SQL: insert into `importan_excels` (`name`, `username`, `email`, `updated_at`, `created_at`) values (Ajay, ajay15, ajay@gmail.com, 2022-04-07 06:54:34, 2022-04-07 06:54:34)) {"exception":"[object] (Illuminate\\Database\\QueryException(code: 42S22): SQLSTATE[42S22]: Column not found: 1054 Unknown column 'updated_at' in 'field list' (SQL: insert into `importan_excels` (`name`, `username`, `email`, `updated_at`, `created_at`) values (Ajay, ajay15, ajay@gmail.com, 2022-04-07 06:54:34, 2022-04-07 06:54:34)) at C:\\Users\\LakshitaSuthar\\Desktop\\upload-content\\vendor\\laravel\\framework\\src\\Illuminate\\Database\\Connection.php:716)
[stacktrace]
#0 C:\\Users\\LakshitaSuthar\\Desktop\\upload-content\\vendor\\laravel\\framework\\src\\Illuminate\\Database\\Connection.php(676): Illuminate\\Database\\Connection->runQueryCallback()
#1 C:\\Users\\LakshitaSuthar\\Desktop\\upload-content\\vendor\\laravel\\framework\\src\\Illuminate\\Database\\Connection.php(502): Illuminate\\Database\\Connection->run()
#2 C:\\Users\\LakshitaSuthar\\Desktop\\upload-content\\vendor\\laravel\\framework\\src\\Illuminate\\Database\\Connection.php(454): Illuminate\\Database\\Connection->statement()
#3 C:\\Users\\LakshitaSuthar\\Desktop\\upload-content\\vendor\\laravel\\framework\\src\\Illuminate\\Database\\Query\\Processors\\Processor.php(32): Illuminate\\Database\\Connection->insert()
#4 C:\\Users\\LakshitaSuthar\\Desktop\\upload-content\\vendor\\laravel\\framework\\src\\Illuminate\\Database\\Query\\Builder.php(3221): Illuminate\\Database\\Query\\Processors\\Processor->processInsertGetId()
#5 C:\\Users\\LakshitaSuthar\\Desktop\\upload-content\\vendor\\laravel\\framework\\src\\Illuminate\\Database\\Eloquent\\Builder.php(1707): Illuminate\\Database\\Query\\Builder->insertGetId()
#6 C:\\Users\\LakshitaSuthar\\Desktop\\upload-content\\vendor\\laravel\\framework\\src\\Illuminate\\Database\\Eloquent\\Model.php(1190): Illuminate\\Database\\Eloquent\\Builder->__call()
#7 C:\\Users\\LakshitaSuthar\\Desktop\\upload-content\\vendor\\laravel\\framework\\src\\Illuminate\\Database\\Eloquent\\Model.php(1155): Illuminate\\Database\\Eloquent\\Model->insertAndSetId()
#8 C:\\Users\\LakshitaSuthar\\Desktop\\upload-content\\vendor\\laravel\\framework\\src\\Illuminate\\Database\\Eloquent\\Model.php(996): Illuminate\\Database\\Eloquent\\Model->performInsert()
#9 C:\\Users\\LakshitaSuthar\\Desktop\\upload-content\\vendor\\laravel\\framework\\src\\Illuminate\\Database\\Eloquent\\Builder.php(531): Illuminate\\Database\\Eloquent\\Model->save()
#10 C:\\Users\\LakshitaSuthar\\Desktop\\upload-content\\vendor\\laravel\\framework\\src\\Illuminate\\Support\\helpers.php(302): Illuminate\\Database\\Eloquent\\Builder->Illuminate\\Database\\Eloquent\\{closure}()
#11 C:\\Users\\LakshitaSuthar\\Desktop\\upload-content\\vendor\\laravel\\framework\\src\\Illuminate\\Database\\Eloquent\\Builder.php(532): tap()
#12 C:\\Users\\LakshitaSuthar\\Desktop\\upload-content\\vendor\\laravel\\framework\\src\\Illuminate\\Support\\Traits\\ForwardsCalls.php(23): Illuminate\\Database\\Eloquent\\Builder->firstOrCreate()
#13 C:\\Users\\LakshitaSuthar\\Desktop\\upload-content\\vendor\\laravel\\framework\\src\\Illuminate\\Database\\Eloquent\\Model.php(2133): Illuminate\\Database\\Eloquent\\Model->forwardCallTo()
#14 C:\\Users\\LakshitaSuthar\\Desktop\\upload-content\\vendor\\laravel\\framework\\src\\Illuminate\\Database\\Eloquent\\Model.php(2145): Illuminate\\Database\\Eloquent\\Model->__call()
#15 C:\\Users\\LakshitaSuthar\\Desktop\\upload-content\\app\\Imports\\ExcelImport.php(27): Illuminate\\Database\\Eloquent\\Model::__callStatic()
#16 C:\\Users\\LakshitaSuthar\\Desktop\\upload-content\\vendor\\maatwebsite\\excel\\src\\Imports\\ModelManager.php(91): App\\Imports\\ExcelImport->model()
#17 C:\\Users\\LakshitaSuthar\\Desktop\\upload-content\\vendor\\maatwebsite\\excel\\src\\Imports\\ModelManager.php(143): Maatwebsite\\Excel\\Imports\\ModelManager->toModels()
#18 C:\\Users\\LakshitaSuthar\\Desktop\\upload-content\\vendor\\laravel\\framework\\src\\Illuminate\\Collections\\Traits\\EnumeratesValues.php(263): Maatwebsite\\Excel\\Imports\\ModelManager->Maatwebsite\\Excel\\Imports\\{closure}()
#19 C:\\Users\\LakshitaSuthar\\Desktop\\upload-content\\vendor\\maatwebsite\\excel\\src\\Imports\\ModelManager.php(162): Illuminate\\Support\\Collection->each()
#20 C:\\Users\\LakshitaSuthar\\Desktop\\upload-content\\vendor\\maatwebsite\\excel\\src\\Imports\\ModelManager.php(73): Maatwebsite\\Excel\\Imports\\ModelManager->singleFlush()
#21 C:\\Users\\LakshitaSuthar\\Desktop\\upload-content\\vendor\\maatwebsite\\excel\\src\\Imports\\ModelImporter.php(82): Maatwebsite\\Excel\\Imports\\ModelManager->flush()
#22 C:\\Users\\LakshitaSuthar\\Desktop\\upload-content\\vendor\\maatwebsite\\excel\\src\\Sheet.php(262): Maatwebsite\\Excel\\Imports\\ModelImporter->import()
#23 C:\\Users\\LakshitaSuthar\\Desktop\\upload-content\\vendor\\maatwebsite\\excel\\src\\Reader.php(116): Maatwebsite\\Excel\\Sheet->import()
#24 C:\\Users\\LakshitaSuthar\\Desktop\\upload-content\\vendor\\laravel\\framework\\src\\Illuminate\\Database\\Concerns\\ManagesTransactions.php(29): Maatwebsite\\Excel\\Reader->Maatwebsite\\Excel\\{closure}()
#25 C:\\Users\\LakshitaSuthar\\Desktop\\upload-content\\vendor\\maatwebsite\\excel\\src\\Transactions\\DbTransactionHandler.php(30): Illuminate\\Database\\Connection->transaction()
#26 C:\\Users\\LakshitaSuthar\\Desktop\\upload-content\\vendor\\maatwebsite\\excel\\src\\Reader.php(130): Maatwebsite\\Excel\\Transactions\\DbTransactionHandler->__invoke()
#27 C:\\Users\\LakshitaSuthar\\Desktop\\upload-content\\vendor\\maatwebsite\\excel\\src\\Excel.php(146): Maatwebsite\\Excel\\Reader->read()
#28 C:\\Users\\LakshitaSuthar\\Desktop\\upload-content\\vendor\\laravel\\framework\\src\\Illuminate\\Support\\Facades\\Facade.php(337): Maatwebsite\\Excel\\Excel->import()
#29 C:\\Users\\LakshitaSuthar\\Desktop\\upload-content\\app\\Http\\Controllers\\UploadExcel.php(15): Illuminate\\Support\\Facades\\Facade::__callStatic()
#30 C:\\Users\\LakshitaSuthar\\Desktop\\upload-content\\vendor\\laravel\\framework\\src\\Illuminate\\Routing\\Controller.php(54): App\\Http\\Controllers\\UploadExcel->uploadContentWithPackage()
#31 C:\\Users\\LakshitaSuthar\\Desktop\\upload-content\\vendor\\laravel\\framework\\src\\Illuminate\\Routing\\ControllerDispatcher.php(45): Illuminate\\Routing\\Controller->callAction()
#32 C:\\Users\\LakshitaSuthar\\Desktop\\upload-content\\vendor\\laravel\\framework\\src\\Illuminate\\Routing\\Route.php(261): Illuminate\\Routing\\ControllerDispatcher->dispatch()
#33 C:\\Users\\LakshitaSuthar\\Desktop\\upload-content\\vendor\\laravel\\framework\\src\\Illuminate\\Routing\\Route.php(204): Illuminate\\Routing\\Route->runController()
#34 C:\\Users\\LakshitaSuthar\\Desktop\\upload-content\\vendor\\laravel\\framework\\src\\Illuminate\\Routing\\Router.php(728): Illuminate\\Routing\\Route->run()
#35 C:\\Users\\LakshitaSuthar\\Desktop\\upload-content\\vendor\\laravel\\framework\\src\\Illuminate\\Pipeline\\Pipeline.php(141): Illuminate\\Routing\\Router->Illuminate\\Routing\\{closure}()
#36 C:\\Users\\LakshitaSuthar\\Desktop\\upload-content\\vendor\\laravel\\framework\\src\\Illuminate\\Routing\\Middleware\\SubstituteBindings.php(50): Illuminate\\Pipeline\\Pipeline->Illuminate\\Pipeline\\{closure}()
#37 C:\\Users\\LakshitaSuthar\\Desktop\\upload-content\\vendor\\laravel\\framework\\src\\Illuminate\\Pipeline\\Pipeline.php(180): Illuminate\\Routing\\Middleware\\SubstituteBindings->handle()
#38 C:\\Users\\LakshitaSuthar\\Desktop\\upload-content\\vendor\\laravel\\framework\\src\\Illuminate\\Routing\\Middleware\\ThrottleRequests.php(126): Illuminate\\Pipeline\\Pipeline->Illuminate\\Pipeline\\{closure}()
#39 C:\\Users\\LakshitaSuthar\\Desktop\\upload-content\\vendor\\laravel\\framework\\src\\Illuminate\\Routing\\Middleware\\ThrottleRequests.php(102): Illuminate\\Routing\\Middleware\\ThrottleRequests->handleRequest()
#40 C:\\Users\\LakshitaSuthar\\Desktop\\upload-content\\vendor\\laravel\\framework\\src\\Illuminate\\Routing\\Middleware\\ThrottleRequests.php(54): Illuminate\\Routing\\Middleware\\ThrottleRequests->handleRequestUsingNamedLimiter()
#41 C:\\Users\\LakshitaSuthar\\Desktop\\upload-content\\vendor\\laravel\\framework\\src\\Illuminate\\Pipeline\\Pipeline.php(180): Illuminate\\Routing\\Middleware\\ThrottleRequests->handle()
#42 C:\\Users\\LakshitaSuthar\\Desktop\\upload-content\\vendor\\laravel\\framework\\src\\Illuminate\\Pipeline\\Pipeline.php(116): Illuminate\\Pipeline\\Pipeline->Illuminate\\Pipeline\\{closure}()
#43 C:\\Users\\LakshitaSuthar\\Desktop\\upload-content\\vendor\\laravel\\framework\\src\\Illuminate\\Routing\\Router.php(730): Illuminate\\Pipeline\\Pipeline->then()
#44 C:\\Users\\LakshitaSuthar\\Desktop\\upload-content\\vendor\\laravel\\framework\\src\\Illuminate\\Routing\\Router.php(705): Illuminate\\Routing\\Router->runRouteWithinStack()
#45 C:\\Users\\LakshitaSuthar\\Desktop\\upload-content\\vendor\\laravel\\framework\\src\\Illuminate\\Routing\\Router.php(667): Illuminate\\Routing\\Router->runRoute()
#46 C:\\Users\\LakshitaSuthar\\Desktop\\upload-content\\vendor\\laravel\\framework\\src\\Illuminate\\Routing\\Router.php(656): Illuminate\\Routing\\Router->dispatchToRoute()
#47 C:\\Users\\LakshitaSuthar\\Desktop\\upload-content\\vendor\\laravel\\framework\\src\\Illuminate\\Foundation\\Http\\Kernel.php(167): Illuminate\\Routing\\Router->dispatch()
#48 C:\\Users\\LakshitaSuthar\\Desktop\\upload-content\\vendor\\laravel\\framework\\src\\Illuminate\\Pipeline\\Pipeline.php(141): Illuminate\\Foundation\\Http\\Kernel->Illuminate\\Foundation\\Http\\{closure}()
#49 C:\\Users\\LakshitaSuthar\\Desktop\\upload-content\\vendor\\laravel\\framework\\src\\Illuminate\\Foundation\\Http\\Middleware\\TransformsRequest.php(21): Illuminate\\Pipeline\\Pipeline->Illuminate\\Pipeline\\{closure}()
#50 C:\\Users\\LakshitaSuthar\\Desktop\\upload-content\\vendor\\laravel\\framework\\src\\Illuminate\\Foundation\\Http\\Middleware\\ConvertEmptyStringsToNull.php(31): Illuminate\\Foundation\\Http\\Middleware\\TransformsRequest->handle()
#51 C:\\Users\\LakshitaSuthar\\Desktop\\upload-content\\vendor\\laravel\\framework\\src\\Illuminate\\Pipeline\\Pipeline.php(180): Illuminate\\Foundation\\Http\\Middleware\\ConvertEmptyStringsToNull->handle()
#52 C:\\Users\\LakshitaSuthar\\Desktop\\upload-content\\vendor\\laravel\\framework\\src\\Illuminate\\Foundation\\Http\\Middleware\\TransformsRequest.php(21): Illuminate\\Pipeline\\Pipeline->Illuminate\\Pipeline\\{closure}()
#53 C:\\Users\\LakshitaSuthar\\Desktop\\upload-content\\vendor\\laravel\\framework\\src\\Illuminate\\Foundation\\Http\\Middleware\\TrimStrings.php(40): Illuminate\\Foundation\\Http\\Middleware\\TransformsRequest->handle()
#54 C:\\Users\\LakshitaSuthar\\Desktop\\upload-content\\vendor\\laravel\\framework\\src\\Illuminate\\Pipeline\\Pipeline.php(180): Illuminate\\Foundation\\Http\\Middleware\\TrimStrings->handle()
#55 C:\\Users\\LakshitaSuthar\\Desktop\\upload-content\\vendor\\laravel\\framework\\src\\Illuminate\\Foundation\\Http\\Middleware\\ValidatePostSize.php(27): Illuminate\\Pipeline\\Pipeline->Illuminate\\Pipeline\\{closure}()
#56 C:\\Users\\LakshitaSuthar\\Desktop\\upload-content\\vendor\\laravel\\framework\\src\\Illuminate\\Pipeline\\Pipeline.php(180): Illuminate\\Foundation\\Http\\Middleware\\ValidatePostSize->handle()
#57 C:\\Users\\LakshitaSuthar\\Desktop\\upload-content\\vendor\\laravel\\framework\\src\\Illuminate\\Foundation\\Http\\Middleware\\PreventRequestsDuringMaintenance.php(86): Illuminate\\Pipeline\\Pipeline->Illuminate\\Pipeline\\{closure}()
#58 C:\\Users\\LakshitaSuthar\\Desktop\\upload-content\\vendor\\laravel\\framework\\src\\Illuminate\\Pipeline\\Pipeline.php(180): Illuminate\\Foundation\\Http\\Middleware\\PreventRequestsDuringMaintenance->handle()
#59 C:\\Users\\LakshitaSuthar\\Desktop\\upload-content\\vendor\\laravel\\framework\\src\\Illuminate\\Http\\Middleware\\HandleCors.php(62): Illuminate\\Pipeline\\Pipeline->Illuminate\\Pipeline\\{closure}()
#60 C:\\Users\\LakshitaSuthar\\Desktop\\upload-content\\vendor\\laravel\\framework\\src\\Illuminate\\Pipeline\\Pipeline.php(180): Illuminate\\Http\\Middleware\\HandleCors->handle()
#61 C:\\Users\\LakshitaSuthar\\Desktop\\upload-content\\vendor\\laravel\\framework\\src\\Illuminate\\Http\\Middleware\\TrustProxies.php(39): Illuminate\\Pipeline\\Pipeline->Illuminate\\Pipeline\\{closure}()
#62 C:\\Users\\LakshitaSuthar\\Desktop\\upload-content\\vendor\\laravel\\framework\\src\\Illuminate\\Pipeline\\Pipeline.php(180): Illuminate\\Http\\Middleware\\TrustProxies->handle()
#63 C:\\Users\\LakshitaSuthar\\Desktop\\upload-content\\vendor\\laravel\\framework\\src\\Illuminate\\Pipeline\\Pipeline.php(116): Illuminate\\Pipeline\\Pipeline->Illuminate\\Pipeline\\{closure}()
#64 C:\\Users\\LakshitaSuthar\\Desktop\\upload-content\\vendor\\laravel\\framework\\src\\Illuminate\\Foundation\\Http\\Kernel.php(142): Illuminate\\Pipeline\\Pipeline->then()
#65 C:\\Users\\LakshitaSuthar\\Desktop\\upload-content\\vendor\\laravel\\framework\\src\\Illuminate\\Foundation\\Http\\Kernel.php(111): Illuminate\\Foundation\\Http\\Kernel->sendRequestThroughRouter()
#66 C:\\Users\\LakshitaSuthar\\Desktop\\upload-content\\public\\index.php(52): Illuminate\\Foundation\\Http\\Kernel->handle()
#67 C:\\Users\\LakshitaSuthar\\Desktop\\upload-content\\vendor\\laravel\\framework\\src\\Illuminate\\Foundation\esources\\server.php(16): require_once('...')
#68 {main}

[previous exception] [object] (PDOException(code: 42S22): SQLSTATE[42S22]: Column not found: 1054 Unknown column 'updated_at' in 'field list' at C:\\Users\\LakshitaSuthar\\Desktop\\upload-content\\vendor\\laravel\\framework\\src\\Illuminate\\Database\\Connection.php:495)
[stacktrace]
#0 C:\\Users\\LakshitaSuthar\\Desktop\\upload-content\\vendor\\laravel\\framework\\src\\Illuminate\\Database\\Connection.php(495): PDO->prepare()
#1 C:\\Users\\LakshitaSuthar\\Desktop\\upload-content\\vendor\\laravel\\framework\\src\\Illuminate\\Database\\Connection.php(709): Illuminate\\Database\\Connection->Illuminate\\Database\\{closure}()
#2 C:\\Users\\LakshitaSuthar\\Desktop\\upload-content\\vendor\\laravel\\framework\\src\\Illuminate\\Database\\Connection.php(676): Illuminate\\Database\\Connection->runQueryCallback()
#3 C:\\Users\\LakshitaSuthar\\Desktop\\upload-content\\vendor\\laravel\\framework\\src\\Illuminate\\Database\\Connection.php(502): Illuminate\\Database\\Connection->run()
#4 C:\\Users\\LakshitaSuthar\\Desktop\\upload-content\\vendor\\laravel\\framework\\src\\Illuminate\\Database\\Connection.php(454): Illuminate\\Database\\Connection->statement()
#5 C:\\Users\\LakshitaSuthar\\Desktop\\upload-content\\vendor\\laravel\\framework\\src\\Illuminate\\Database\\Query\\Processors\\Processor.php(32): Illuminate\\Database\\Connection->insert()
#6 C:\\Users\\LakshitaSuthar\\Desktop\\upload-content\\vendor\\laravel\\framework\\src\\Illuminate\\Database\\Query\\Builder.php(3221): Illuminate\\Database\\Query\\Processors\\Processor->processInsertGetId()
#7 C:\\Users\\LakshitaSuthar\\Desktop\\upload-content\\vendor\\laravel\\framework\\src\\Illuminate\\Database\\Eloquent\\Builder.php(1707): Illuminate\\Database\\Query\\Builder->insertGetId()
#8 C:\\Users\\LakshitaSuthar\\Desktop\\upload-content\\vendor\\laravel\\framework\\src\\Illuminate\\Database\\Eloquent\\Model.php(1190): Illuminate\\Database\\Eloquent\\Builder->__call()
#9 C:\\Users\\LakshitaSuthar\\Desktop\\upload-content\\vendor\\laravel\\framework\\src\\Illuminate\\Database\\Eloquent\\Model.php(1155): Illuminate\\Database\\Eloquent\\Model->insertAndSetId()
#10 C:\\Users\\LakshitaSuthar\\Desktop\\upload-content\\vendor\\laravel\\framework\\src\\Illuminate\\Database\\Eloquent\\Model.php(996): Illuminate\\Database\\Eloquent\\Model->performInsert()
#11 C:\\Users\\LakshitaSuthar\\Desktop\\upload-content\\vendor\\laravel\\framework\\src\\Illuminate\\Database\\Eloquent\\Builder.php(531): Illuminate\\Database\\Eloquent\\Model->save()
#12 C:\\Users\\LakshitaSuthar\\Desktop\\upload-content\\vendor\\laravel\\framework\\src\\Illuminate\\Support\\helpers.php(302): Illuminate\\Database\\Eloquent\\Builder->Illuminate\\Database\\Eloquent\\{closure}()
#13 C:\\Users\\LakshitaSuthar\\Desktop\\upload-content\\vendor\\laravel\\framework\\src\\Illuminate\\Database\\Eloquent\\Builder.php(532): tap()
#14 C:\\Users\\LakshitaSuthar\\Desktop\\upload-content\\vendor\\laravel\\framework\\src\\Illuminate\\Support\\Traits\\ForwardsCalls.php(23): Illuminate\\Database\\Eloquent\\Builder->firstOrCreate()
#15 C:\\Users\\LakshitaSuthar\\Desktop\\upload-content\\vendor\\laravel\\framework\\src\\Illuminate\\Database\\Eloquent\\Model.php(2133): Illuminate\\Database\\Eloquent\\Model->forwardCallTo()
#16 C:\\Users\\LakshitaSuthar\\Desktop\\upload-content\\vendor\\laravel\\framework\\src\\Illuminate\\Database\\Eloquent\\Model.php(2145): Illuminate\\Database\\Eloquent\\Model->__call()
#17 C:\\Users\\LakshitaSuthar\\Desktop\\upload-content\\app\\Imports\\ExcelImport.php(27): Illuminate\\Database\\Eloquent\\Model::__callStatic()
#18 C:\\Users\\LakshitaSuthar\\Desktop\\upload-content\\vendor\\maatwebsite\\excel\\src\\Imports\\ModelManager.php(91): App\\Imports\\ExcelImport->model()
#19 C:\\Users\\LakshitaSuthar\\Desktop\\upload-content\\vendor\\maatwebsite\\excel\\src\\Imports\\ModelManager.php(143): Maatwebsite\\Excel\\Imports\\ModelManager->toModels()
#20 C:\\Users\\LakshitaSuthar\\Desktop\\upload-content\\vendor\\laravel\\framework\\src\\Illuminate\\Collections\\Traits\\EnumeratesValues.php(263): Maatwebsite\\Excel\\Imports\\ModelManager->Maatwebsite\\Excel\\Imports\\{closure}()
#21 C:\\Users\\LakshitaSuthar\\Desktop\\upload-content\\vendor\\maatwebsite\\excel\\src\\Imports\\ModelManager.php(162): Illuminate\\Support\\Collection->each()
#22 C:\\Users\\LakshitaSuthar\\Desktop\\upload-content\\vendor\\maatwebsite\\excel\\src\\Imports\\ModelManager.php(73): Maatwebsite\\Excel\\Imports\\ModelManager->singleFlush()
#23 C:\\Users\\LakshitaSuthar\\Desktop\\upload-content\\vendor\\maatwebsite\\excel\\src\\Imports\\ModelImporter.php(82): Maatwebsite\\Excel\\Imports\\ModelManager->flush()
#24 C:\\Users\\LakshitaSuthar\\Desktop\\upload-content\\vendor\\maatwebsite\\excel\\src\\Sheet.php(262): Maatwebsite\\Excel\\Imports\\ModelImporter->import()
#25 C:\\Users\\LakshitaSuthar\\Desktop\\upload-content\\vendor\\maatwebsite\\excel\\src\\Reader.php(116): Maatwebsite\\Excel\\Sheet->import()
#26 C:\\Users\\LakshitaSuthar\\Desktop\\upload-content\\vendor\\laravel\\framework\\src\\Illuminate\\Database\\Concerns\\ManagesTransactions.php(29): Maatwebsite\\Excel\\Reader->Maatwebsite\\Excel\\{closure}()
#27 C:\\Users\\LakshitaSuthar\\Desktop\\upload-content\\vendor\\maatwebsite\\excel\\src\\Transactions\\DbTransactionHandler.php(30): Illuminate\\Database\\Connection->transaction()
#28 C:\\Users\\LakshitaSuthar\\Desktop\\upload-content\\vendor\\maatwebsite\\excel\\src\\Reader.php(130): Maatwebsite\\Excel\\Transactions\\DbTransactionHandler->__invoke()
#29 C:\\Users\\LakshitaSuthar\\Desktop\\upload-content\\vendor\\maatwebsite\\excel\\src\\Excel.php(146): Maatwebsite\\Excel\\Reader->read()
#30 C:\\Users\\LakshitaSuthar\\Desktop\\upload-content\\vendor\\laravel\\framework\\src\\Illuminate\\Support\\Facades\\Facade.php(337): Maatwebsite\\Excel\\Excel->import()
#31 C:\\Users\\LakshitaSuthar\\Desktop\\upload-content\\app\\Http\\Controllers\\UploadExcel.php(15): Illuminate\\Support\\Facades\\Facade::__callStatic()
#32 C:\\Users\\LakshitaSuthar\\Desktop\\upload-content\\vendor\\laravel\\framework\\src\\Illuminate\\Routing\\Controller.php(54): App\\Http\\Controllers\\UploadExcel->uploadContentWithPackage()
#33 C:\\Users\\LakshitaSuthar\\Desktop\\upload-content\\vendor\\laravel\\framework\\src\\Illuminate\\Routing\\ControllerDispatcher.php(45): Illuminate\\Routing\\Controller->callAction()
#34 C:\\Users\\LakshitaSuthar\\Desktop\\upload-content\\vendor\\laravel\\framework\\src\\Illuminate\\Routing\\Route.php(261): Illuminate\\Routing\\ControllerDispatcher->dispatch()
#35 C:\\Users\\LakshitaSuthar\\Desktop\\upload-content\\vendor\\laravel\\framework\\src\\Illuminate\\Routing\\Route.php(204): Illuminate\\Routing\\Route->runController()
#36 C:\\Users\\LakshitaSuthar\\Desktop\\upload-content\\vendor\\laravel\\framework\\src\\Illuminate\\Routing\\Router.php(728): Illuminate\\Routing\\Route->run()
#37 C:\\Users\\LakshitaSuthar\\Desktop\\upload-content\\vendor\\laravel\\framework\\src\\Illuminate\\Pipeline\\Pipeline.php(141): Illuminate\\Routing\\Router->Illuminate\\Routing\\{closure}()
#38 C:\\Users\\LakshitaSuthar\\Desktop\\upload-content\\vendor\\laravel\\framework\\src\\Illuminate\\Routing\\Middleware\\SubstituteBindings.php(50): Illuminate\\Pipeline\\Pipeline->Illuminate\\Pipeline\\{closure}()
#39 C:\\Users\\LakshitaSuthar\\Desktop\\upload-content\\vendor\\laravel\\framework\\src\\Illuminate\\Pipeline\\Pipeline.php(180): Illuminate\\Routing\\Middleware\\SubstituteBindings->handle()
#40 C:\\Users\\LakshitaSuthar\\Desktop\\upload-content\\vendor\\laravel\\framework\\src\\Illuminate\\Routing\\Middleware\\ThrottleRequests.php(126): Illuminate\\Pipeline\\Pipeline->Illuminate\\Pipeline\\{closure}()
#41 C:\\Users\\LakshitaSuthar\\Desktop\\upload-content\\vendor\\laravel\\framework\\src\\Illuminate\\Routing\\Middleware\\ThrottleRequests.php(102): Illuminate\\Routing\\Middleware\\ThrottleRequests->handleRequest()
#42 C:\\Users\\LakshitaSuthar\\Desktop\\upload-content\\vendor\\laravel\\framework\\src\\Illuminate\\Routing\\Middleware\\ThrottleRequests.php(54): Illuminate\\Routing\\Middleware\\ThrottleRequests->handleRequestUsingNamedLimiter()
#43 C:\\Users\\LakshitaSuthar\\Desktop\\upload-content\\vendor\\laravel\\framework\\src\\Illuminate\\Pipeline\\Pipeline.php(180): Illuminate\\Routing\\Middleware\\ThrottleRequests->handle()
#44 C:\\Users\\LakshitaSuthar\\Desktop\\upload-content\\vendor\\laravel\\framework\\src\\Illuminate\\Pipeline\\Pipeline.php(116): Illuminate\\Pipeline\\Pipeline->Illuminate\\Pipeline\\{closure}()
#45 C:\\Users\\LakshitaSuthar\\Desktop\\upload-content\\vendor\\laravel\\framework\\src\\Illuminate\\Routing\\Router.php(730): Illuminate\\Pipeline\\Pipeline->then()
#46 C:\\Users\\LakshitaSuthar\\Desktop\\upload-content\\vendor\\laravel\\framework\\src\\Illuminate\\Routing\\Router.php(705): Illuminate\\Routing\\Router->runRouteWithinStack()
#47 C:\\Users\\LakshitaSuthar\\Desktop\\upload-content\\vendor\\laravel\\framework\\src\\Illuminate\\Routing\\Router.php(667): Illuminate\\Routing\\Router->runRoute()
#48 C:\\Users\\LakshitaSuthar\\Desktop\\upload-content\\vendor\\laravel\\framework\\src\\Illuminate\\Routing\\Router.php(656): Illuminate\\Routing\\Router->dispatchToRoute()
#49 C:\\Users\\LakshitaSuthar\\Desktop\\upload-content\\vendor\\laravel\\framework\\src\\Illuminate\\Foundation\\Http\\Kernel.php(167): Illuminate\\Routing\\Router->dispatch()
#50 C:\\Users\\LakshitaSuthar\\Desktop\\upload-content\\vendor\\laravel\\framework\\src\\Illuminate\\Pipeline\\Pipeline.php(141): Illuminate\\Foundation\\Http\\Kernel->Illuminate\\Foundation\\Http\\{closure}()
#51 C:\\Users\\LakshitaSuthar\\Desktop\\upload-content\\vendor\\laravel\\framework\\src\\Illuminate\\Foundation\\Http\\Middleware\\TransformsRequest.php(21): Illuminate\\Pipeline\\Pipeline->Illuminate\\Pipeline\\{closure}()
#52 C:\\Users\\LakshitaSuthar\\Desktop\\upload-content\\vendor\\laravel\\framework\\src\\Illuminate\\Foundation\\Http\\Middleware\\ConvertEmptyStringsToNull.php(31): Illuminate\\Foundation\\Http\\Middleware\\TransformsRequest->handle()
#53 C:\\Users\\LakshitaSuthar\\Desktop\\upload-content\\vendor\\laravel\\framework\\src\\Illuminate\\Pipeline\\Pipeline.php(180): Illuminate\\Foundation\\Http\\Middleware\\ConvertEmptyStringsToNull->handle()
#54 C:\\Users\\LakshitaSuthar\\Desktop\\upload-content\\vendor\\laravel\\framework\\src\\Illuminate\\Foundation\\Http\\Middleware\\TransformsRequest.php(21): Illuminate\\Pipeline\\Pipeline->Illuminate\\Pipeline\\{closure}()
#55 C:\\Users\\LakshitaSuthar\\Desktop\\upload-content\\vendor\\laravel\\framework\\src\\Illuminate\\Foundation\\Http\\Middleware\\TrimStrings.php(40): Illuminate\\Foundation\\Http\\Middleware\\TransformsRequest->handle()
#56 C:\\Users\\LakshitaSuthar\\Desktop\\upload-content\\vendor\\laravel\\framework\\src\\Illuminate\\Pipeline\\Pipeline.php(180): Illuminate\\Foundation\\Http\\Middleware\\TrimStrings->handle()
#57 C:\\Users\\LakshitaSuthar\\Desktop\\upload-content\\vendor\\laravel\\framework\\src\\Illuminate\\Foundation\\Http\\Middleware\\ValidatePostSize.php(27): Illuminate\\Pipeline\\Pipeline->Illuminate\\Pipeline\\{closure}()
#58 C:\\Users\\LakshitaSuthar\\Desktop\\upload-content\\vendor\\laravel\\framework\\src\\Illuminate\\Pipeline\\Pipeline.php(180): Illuminate\\Foundation\\Http\\Middleware\\ValidatePostSize->handle()
#59 C:\\Users\\LakshitaSuthar\\Desktop\\upload-content\\vendor\\laravel\\framework\\src\\Illuminate\\Foundation\\Http\\Middleware\\PreventRequestsDuringMaintenance.php(86): Illuminate\\Pipeline\\Pipeline->Illuminate\\Pipeline\\{closure}()
#60 C:\\Users\\LakshitaSuthar\\Desktop\\upload-content\\vendor\\laravel\\framework\\src\\Illuminate\\Pipeline\\Pipeline.php(180): Illuminate\\Foundation\\Http\\Middleware\\PreventRequestsDuringMaintenance->handle()
#61 C:\\Users\\LakshitaSuthar\\Desktop\\upload-content\\vendor\\laravel\\framework\\src\\Illuminate\\Http\\Middleware\\HandleCors.php(62): Illuminate\\Pipeline\\Pipeline->Illuminate\\Pipeline\\{closure}()
#62 C:\\Users\\LakshitaSuthar\\Desktop\\upload-content\\vendor\\laravel\\framework\\src\\Illuminate\\Pipeline\\Pipeline.php(180): Illuminate\\Http\\Middleware\\HandleCors->handle()
#63 C:\\Users\\LakshitaSuthar\\Desktop\\upload-content\\vendor\\laravel\\framework\\src\\Illuminate\\Http\\Middleware\\TrustProxies.php(39): Illuminate\\Pipeline\\Pipeline->Illuminate\\Pipeline\\{closure}()
#64 C:\\Users\\LakshitaSuthar\\Desktop\\upload-content\\vendor\\laravel\\framework\\src\\Illuminate\\Pipeline\\Pipeline.php(180): Illuminate\\Http\\Middleware\\TrustProxies->handle()
#65 C:\\Users\\LakshitaSuthar\\Desktop\\upload-content\\vendor\\laravel\\framework\\src\\Illuminate\\Pipeline\\Pipeline.php(116): Illuminate\\Pipeline\\Pipeline->Illuminate\\Pipeline\\{closure}()
#66 C:\\Users\\LakshitaSuthar\\Desktop\\upload-content\\vendor\\laravel\\framework\\src\\Illuminate\\Foundation\\Http\\Kernel.php(142): Illuminate\\Pipeline\\Pipeline->then()
#67 C:\\Users\\LakshitaSuthar\\Desktop\\upload-content\\vendor\\laravel\\framework\\src\\Illuminate\\Foundation\\Http\\Kernel.php(111): Illuminate\\Foundation\\Http\\Kernel->sendRequestThroughRouter()
#68 C:\\Users\\LakshitaSuthar\\Desktop\\upload-content\\public\\index.php(52): Illuminate\\Foundation\\Http\\Kernel->handle()
#69 C:\\Users\\LakshitaSuthar\\Desktop\\upload-content\\vendor\\laravel\\framework\\src\\Illuminate\\Foundation\esources\\server.php(16): require_once('...')
#70 {main}
"} 
[2022-04-07 06:55:56] local.ERROR: Method App\Http\Controllers\UploadExcel::sendEmail does not exist. {"exception":"[object] (BadMethodCallException(code: 0): Method App\\Http\\Controllers\\UploadExcel::sendEmail does not exist. at C:\\Users\\LakshitaSuthar\\Desktop\\upload-content\\vendor\\laravel\\framework\\src\\Illuminate\\Routing\\Controller.php:68)
[stacktrace]
#0 C:\\Users\\LakshitaSuthar\\Desktop\\upload-content\\app\\Http\\Controllers\\UploadExcel.php(18): Illuminate\\Routing\\Controller->__call()
#1 C:\\Users\\LakshitaSuthar\\Desktop\\upload-content\\vendor\\laravel\\framework\\src\\Illuminate\\Routing\\Controller.php(54): App\\Http\\Controllers\\UploadExcel->uploadContentWithPackage()
#2 C:\\Users\\LakshitaSuthar\\Desktop\\upload-content\\vendor\\laravel\\framework\\src\\Illuminate\\Routing\\ControllerDispatcher.php(45): Illuminate\\Routing\\Controller->callAction()
#3 C:\\Users\\LakshitaSuthar\\Desktop\\upload-content\\vendor\\laravel\\framework\\src\\Illuminate\\Routing\\Route.php(261): Illuminate\\Routing\\ControllerDispatcher->dispatch()
#4 C:\\Users\\LakshitaSuthar\\Desktop\\upload-content\\vendor\\laravel\\framework\\src\\Illuminate\\Routing\\Route.php(204): Illuminate\\Routing\\Route->runController()
#5 C:\\Users\\LakshitaSuthar\\Desktop\\upload-content\\vendor\\laravel\\framework\\src\\Illuminate\\Routing\\Router.php(728): Illuminate\\Routing\\Route->run()
#6 C:\\Users\\LakshitaSuthar\\Desktop\\upload-content\\vendor\\laravel\\framework\\src\\Illuminate\\Pipeline\\Pipeline.php(141): Illuminate\\Routing\\Router->Illuminate\\Routing\\{closure}()
#7 C:\\Users\\LakshitaSuthar\\Desktop\\upload-content\\vendor\\laravel\\framework\\src\\Illuminate\\Routing\\Middleware\\SubstituteBindings.php(50): Illuminate\\Pipeline\\Pipeline->Illuminate\\Pipeline\\{closure}()
#8 C:\\Users\\LakshitaSuthar\\Desktop\\upload-content\\vendor\\laravel\\framework\\src\\Illuminate\\Pipeline\\Pipeline.php(180): Illuminate\\Routing\\Middleware\\SubstituteBindings->handle()
#9 C:\\Users\\LakshitaSuthar\\Desktop\\upload-content\\vendor\\laravel\\framework\\src\\Illuminate\\Routing\\Middleware\\ThrottleRequests.php(126): Illuminate\\Pipeline\\Pipeline->Illuminate\\Pipeline\\{closure}()
#10 C:\\Users\\LakshitaSuthar\\Desktop\\upload-content\\vendor\\laravel\\framework\\src\\Illuminate\\Routing\\Middleware\\ThrottleRequests.php(102): Illuminate\\Routing\\Middleware\\ThrottleRequests->handleRequest()
#11 C:\\Users\\LakshitaSuthar\\Desktop\\upload-content\\vendor\\laravel\\framework\\src\\Illuminate\\Routing\\Middleware\\ThrottleRequests.php(54): Illuminate\\Routing\\Middleware\\ThrottleRequests->handleRequestUsingNamedLimiter()
#12 C:\\Users\\LakshitaSuthar\\Desktop\\upload-content\\vendor\\laravel\\framework\\src\\Illuminate\\Pipeline\\Pipeline.php(180): Illuminate\\Routing\\Middleware\\ThrottleRequests->handle()
#13 C:\\Users\\LakshitaSuthar\\Desktop\\upload-content\\vendor\\laravel\\framework\\src\\Illuminate\\Pipeline\\Pipeline.php(116): Illuminate\\Pipeline\\Pipeline->Illuminate\\Pipeline\\{closure}()
#14 C:\\Users\\LakshitaSuthar\\Desktop\\upload-content\\vendor\\laravel\\framework\\src\\Illuminate\\Routing\\Router.php(730): Illuminate\\Pipeline\\Pipeline->then()
#15 C:\\Users\\LakshitaSuthar\\Desktop\\upload-content\\vendor\\laravel\\framework\\src\\Illuminate\\Routing\\Router.php(705): Illuminate\\Routing\\Router->runRouteWithinStack()
#16 C:\\Users\\LakshitaSuthar\\Desktop\\upload-content\\vendor\\laravel\\framework\\src\\Illuminate\\Routing\\Router.php(667): Illuminate\\Routing\\Router->runRoute()
#17 C:\\Users\\LakshitaSuthar\\Desktop\\upload-content\\vendor\\laravel\\framework\\src\\Illuminate\\Routing\\Router.php(656): Illuminate\\Routing\\Router->dispatchToRoute()
#18 C:\\Users\\LakshitaSuthar\\Desktop\\upload-content\\vendor\\laravel\\framework\\src\\Illuminate\\Foundation\\Http\\Kernel.php(167): Illuminate\\Routing\\Router->dispatch()
#19 C:\\Users\\LakshitaSuthar\\Desktop\\upload-content\\vendor\\laravel\\framework\\src\\Illuminate\\Pipeline\\Pipeline.php(141): Illuminate\\Foundation\\Http\\Kernel->Illuminate\\Foundation\\Http\\{closure}()
#20 C:\\Users\\LakshitaSuthar\\Desktop\\upload-content\\vendor\\laravel\\framework\\src\\Illuminate\\Foundation\\Http\\Middleware\\TransformsRequest.php(21): Illuminate\\Pipeline\\Pipeline->Illuminate\\Pipeline\\{closure}()
#21 C:\\Users\\LakshitaSuthar\\Desktop\\upload-content\\vendor\\laravel\\framework\\src\\Illuminate\\Foundation\\Http\\Middleware\\ConvertEmptyStringsToNull.php(31): Illuminate\\Foundation\\Http\\Middleware\\TransformsRequest->handle()
#22 C:\\Users\\LakshitaSuthar\\Desktop\\upload-content\\vendor\\laravel\\framework\\src\\Illuminate\\Pipeline\\Pipeline.php(180): Illuminate\\Foundation\\Http\\Middleware\\ConvertEmptyStringsToNull->handle()
#23 C:\\Users\\LakshitaSuthar\\Desktop\\upload-content\\vendor\\laravel\\framework\\src\\Illuminate\\Foundation\\Http\\Middleware\\TransformsRequest.php(21): Illuminate\\Pipeline\\Pipeline->Illuminate\\Pipeline\\{closure}()
#24 C:\\Users\\LakshitaSuthar\\Desktop\\upload-content\\vendor\\laravel\\framework\\src\\Illuminate\\Foundation\\Http\\Middleware\\TrimStrings.php(40): Illuminate\\Foundation\\Http\\Middleware\\TransformsRequest->handle()
#25 C:\\Users\\LakshitaSuthar\\Desktop\\upload-content\\vendor\\laravel\\framework\\src\\Illuminate\\Pipeline\\Pipeline.php(180): Illuminate\\Foundation\\Http\\Middleware\\TrimStrings->handle()
#26 C:\\Users\\LakshitaSuthar\\Desktop\\upload-content\\vendor\\laravel\\framework\\src\\Illuminate\\Foundation\\Http\\Middleware\\ValidatePostSize.php(27): Illuminate\\Pipeline\\Pipeline->Illuminate\\Pipeline\\{closure}()
#27 C:\\Users\\LakshitaSuthar\\Desktop\\upload-content\\vendor\\laravel\\framework\\src\\Illuminate\\Pipeline\\Pipeline.php(180): Illuminate\\Foundation\\Http\\Middleware\\ValidatePostSize->handle()
#28 C:\\Users\\LakshitaSuthar\\Desktop\\upload-content\\vendor\\laravel\\framework\\src\\Illuminate\\Foundation\\Http\\Middleware\\PreventRequestsDuringMaintenance.php(86): Illuminate\\Pipeline\\Pipeline->Illuminate\\Pipeline\\{closure}()
#29 C:\\Users\\LakshitaSuthar\\Desktop\\upload-content\\vendor\\laravel\\framework\\src\\Illuminate\\Pipeline\\Pipeline.php(180): Illuminate\\Foundation\\Http\\Middleware\\PreventRequestsDuringMaintenance->handle()
#30 C:\\Users\\LakshitaSuthar\\Desktop\\upload-content\\vendor\\laravel\\framework\\src\\Illuminate\\Http\\Middleware\\HandleCors.php(62): Illuminate\\Pipeline\\Pipeline->Illuminate\\Pipeline\\{closure}()
#31 C:\\Users\\LakshitaSuthar\\Desktop\\upload-content\\vendor\\laravel\\framework\\src\\Illuminate\\Pipeline\\Pipeline.php(180): Illuminate\\Http\\Middleware\\HandleCors->handle()
#32 C:\\Users\\LakshitaSuthar\\Desktop\\upload-content\\vendor\\laravel\\framework\\src\\Illuminate\\Http\\Middleware\\TrustProxies.php(39): Illuminate\\Pipeline\\Pipeline->Illuminate\\Pipeline\\{closure}()
#33 C:\\Users\\LakshitaSuthar\\Desktop\\upload-content\\vendor\\laravel\\framework\\src\\Illuminate\\Pipeline\\Pipeline.php(180): Illuminate\\Http\\Middleware\\TrustProxies->handle()
#34 C:\\Users\\LakshitaSuthar\\Desktop\\upload-content\\vendor\\laravel\\framework\\src\\Illuminate\\Pipeline\\Pipeline.php(116): Illuminate\\Pipeline\\Pipeline->Illuminate\\Pipeline\\{closure}()
#35 C:\\Users\\LakshitaSuthar\\Desktop\\upload-content\\vendor\\laravel\\framework\\src\\Illuminate\\Foundation\\Http\\Kernel.php(142): Illuminate\\Pipeline\\Pipeline->then()
#36 C:\\Users\\LakshitaSuthar\\Desktop\\upload-content\\vendor\\laravel\\framework\\src\\Illuminate\\Foundation\\Http\\Kernel.php(111): Illuminate\\Foundation\\Http\\Kernel->sendRequestThroughRouter()
#37 C:\\Users\\LakshitaSuthar\\Desktop\\upload-content\\public\\index.php(52): Illuminate\\Foundation\\Http\\Kernel->handle()
#38 C:\\Users\\LakshitaSuthar\\Desktop\\upload-content\\vendor\\laravel\\framework\\src\\Illuminate\\Foundation\esources\\server.php(16): require_once('...')
#39 {main}
"} 
